{"C:\\INSY7314\\insy7314-part2-gradiq\\backend\\auth\\checkAuth.js": {"path":"C:\\INSY7314\\insy7314-part2-gradiq\\backend\\auth\\checkAuth.js","statementMap":{"0":{"start":{"line":1,"column":12},"end":{"line":1,"column":35}},"1":{"start":{"line":2,"column":15},"end":{"line":2,"column":32}},"2":{"start":{"line":3,"column":0},"end":{"line":3,"column":16}},"3":{"start":{"line":5,"column":18},"end":{"line":22,"column":1}},"4":{"start":{"line":6,"column":2},"end":{"line":21,"column":3}},"5":{"start":{"line":8,"column":18},"end":{"line":8,"column":39}},"6":{"start":{"line":10,"column":4},"end":{"line":12,"column":5}},"7":{"start":{"line":11,"column":6},"end":{"line":11,"column":84}},"8":{"start":{"line":15,"column":20},"end":{"line":15,"column":61}},"9":{"start":{"line":16,"column":4},"end":{"line":16,"column":23}},"10":{"start":{"line":17,"column":4},"end":{"line":17,"column":11}},"11":{"start":{"line":19,"column":4},"end":{"line":19,"column":23}},"12":{"start":{"line":20,"column":4},"end":{"line":20,"column":86}},"13":{"start":{"line":24,"column":0},"end":{"line":24,"column":31}}},"fnMap":{"0":{"name":"(anonymous_0)","decl":{"start":{"line":5,"column":18},"end":{"line":5,"column":19}},"loc":{"start":{"line":5,"column":38},"end":{"line":22,"column":1}},"line":5}},"branchMap":{"0":{"loc":{"start":{"line":10,"column":4},"end":{"line":12,"column":5}},"type":"if","locations":[{"start":{"line":10,"column":4},"end":{"line":12,"column":5}},{"start":{},"end":{}}],"line":10}},"s":{"0":0,"1":0,"2":0,"3":0,"4":0,"5":0,"6":0,"7":0,"8":0,"9":0,"10":0,"11":0,"12":0,"13":0},"f":{"0":0},"b":{"0":[0,0]}}
,"C:\\INSY7314\\insy7314-part2-gradiq\\backend\\auth\\checkEmployeeAuth.js": {"path":"C:\\INSY7314\\insy7314-part2-gradiq\\backend\\auth\\checkEmployeeAuth.js","statementMap":{"0":{"start":{"line":1,"column":12},"end":{"line":1,"column":35}},"1":{"start":{"line":2,"column":15},"end":{"line":2,"column":32}},"2":{"start":{"line":3,"column":0},"end":{"line":3,"column":16}},"3":{"start":{"line":5,"column":26},"end":{"line":28,"column":1}},"4":{"start":{"line":6,"column":2},"end":{"line":27,"column":3}},"5":{"start":{"line":8,"column":18},"end":{"line":8,"column":39}},"6":{"start":{"line":10,"column":4},"end":{"line":12,"column":5}},"7":{"start":{"line":11,"column":6},"end":{"line":11,"column":84}},"8":{"start":{"line":15,"column":20},"end":{"line":15,"column":61}},"9":{"start":{"line":18,"column":4},"end":{"line":20,"column":5}},"10":{"start":{"line":19,"column":6},"end":{"line":19,"column":91}},"11":{"start":{"line":22,"column":4},"end":{"line":22,"column":23}},"12":{"start":{"line":23,"column":4},"end":{"line":23,"column":11}},"13":{"start":{"line":25,"column":4},"end":{"line":25,"column":23}},"14":{"start":{"line":26,"column":4},"end":{"line":26,"column":86}},"15":{"start":{"line":30,"column":26},"end":{"line":53,"column":1}},"16":{"start":{"line":31,"column":2},"end":{"line":52,"column":3}},"17":{"start":{"line":33,"column":18},"end":{"line":33,"column":39}},"18":{"start":{"line":35,"column":4},"end":{"line":37,"column":5}},"19":{"start":{"line":36,"column":6},"end":{"line":36,"column":84}},"20":{"start":{"line":40,"column":20},"end":{"line":40,"column":61}},"21":{"start":{"line":43,"column":4},"end":{"line":45,"column":5}},"22":{"start":{"line":44,"column":6},"end":{"line":44,"column":91}},"23":{"start":{"line":47,"column":4},"end":{"line":47,"column":23}},"24":{"start":{"line":48,"column":4},"end":{"line":48,"column":11}},"25":{"start":{"line":50,"column":4},"end":{"line":50,"column":23}},"26":{"start":{"line":51,"column":4},"end":{"line":51,"column":86}},"27":{"start":{"line":55,"column":0},"end":{"line":55,"column":58}}},"fnMap":{"0":{"name":"(anonymous_0)","decl":{"start":{"line":5,"column":26},"end":{"line":5,"column":27}},"loc":{"start":{"line":5,"column":46},"end":{"line":28,"column":1}},"line":5},"1":{"name":"(anonymous_1)","decl":{"start":{"line":30,"column":26},"end":{"line":30,"column":27}},"loc":{"start":{"line":30,"column":46},"end":{"line":53,"column":1}},"line":30}},"branchMap":{"0":{"loc":{"start":{"line":10,"column":4},"end":{"line":12,"column":5}},"type":"if","locations":[{"start":{"line":10,"column":4},"end":{"line":12,"column":5}},{"start":{},"end":{}}],"line":10},"1":{"loc":{"start":{"line":18,"column":4},"end":{"line":20,"column":5}},"type":"if","locations":[{"start":{"line":18,"column":4},"end":{"line":20,"column":5}},{"start":{},"end":{}}],"line":18},"2":{"loc":{"start":{"line":35,"column":4},"end":{"line":37,"column":5}},"type":"if","locations":[{"start":{"line":35,"column":4},"end":{"line":37,"column":5}},{"start":{},"end":{}}],"line":35},"3":{"loc":{"start":{"line":43,"column":4},"end":{"line":45,"column":5}},"type":"if","locations":[{"start":{"line":43,"column":4},"end":{"line":45,"column":5}},{"start":{},"end":{}}],"line":43},"4":{"loc":{"start":{"line":43,"column":8},"end":{"line":43,"column":52}},"type":"binary-expr","locations":[{"start":{"line":43,"column":8},"end":{"line":43,"column":35}},{"start":{"line":43,"column":39},"end":{"line":43,"column":52}}],"line":43}},"s":{"0":0,"1":0,"2":0,"3":0,"4":0,"5":0,"6":0,"7":0,"8":0,"9":0,"10":0,"11":0,"12":0,"13":0,"14":0,"15":0,"16":0,"17":0,"18":0,"19":0,"20":0,"21":0,"22":0,"23":0,"24":0,"25":0,"26":0,"27":0},"f":{"0":0,"1":0},"b":{"0":[0,0],"1":[0,0],"2":[0,0],"3":[0,0],"4":[0,0]}}
,"C:\\INSY7314\\insy7314-part2-gradiq\\backend\\auth\\employee.js": {"path":"C:\\INSY7314\\insy7314-part2-gradiq\\backend\\auth\\employee.js","statementMap":{"0":{"start":{"line":1,"column":16},"end":{"line":1,"column":34}},"1":{"start":{"line":2,"column":30},"end":{"line":2,"column":66}},"2":{"start":{"line":3,"column":42},"end":{"line":3,"column":75}},"3":{"start":{"line":4,"column":25},"end":{"line":4,"column":64}},"4":{"start":{"line":6,"column":15},"end":{"line":6,"column":31}},"5":{"start":{"line":9,"column":27},"end":{"line":9,"column":70}},"6":{"start":{"line":10,"column":26},"end":{"line":10,"column":68}},"7":{"start":{"line":13,"column":0},"end":{"line":13,"column":28}},"8":{"start":{"line":16,"column":0},"end":{"line":16,"column":117}},"9":{"start":{"line":17,"column":0},"end":{"line":17,"column":136}},"10":{"start":{"line":18,"column":0},"end":{"line":18,"column":134}},"11":{"start":{"line":19,"column":0},"end":{"line":19,"column":121}},"12":{"start":{"line":20,"column":0},"end":{"line":20,"column":138}},"13":{"start":{"line":22,"column":0},"end":{"line":22,"column":24}}},"fnMap":{},"branchMap":{},"s":{"0":0,"1":0,"2":0,"3":0,"4":0,"5":0,"6":0,"7":0,"8":0,"9":0,"10":0,"11":0,"12":0,"13":0},"f":{},"b":{}}
,"C:\\INSY7314\\insy7314-part2-gradiq\\backend\\auth\\user.js": {"path":"C:\\INSY7314\\insy7314-part2-gradiq\\backend\\auth\\user.js","statementMap":{"0":{"start":{"line":1,"column":16},"end":{"line":1,"column":34}},"1":{"start":{"line":2,"column":20},"end":{"line":2,"column":56}},"2":{"start":{"line":3,"column":30},"end":{"line":3,"column":60}},"3":{"start":{"line":4,"column":42},"end":{"line":4,"column":75}},"4":{"start":{"line":5,"column":25},"end":{"line":5,"column":64}},"5":{"start":{"line":7,"column":15},"end":{"line":7,"column":31}},"6":{"start":{"line":10,"column":23},"end":{"line":10,"column":62}},"7":{"start":{"line":11,"column":26},"end":{"line":11,"column":68}},"8":{"start":{"line":14,"column":0},"end":{"line":14,"column":28}},"9":{"start":{"line":17,"column":0},"end":{"line":17,"column":105}},"10":{"start":{"line":18,"column":0},"end":{"line":18,"column":111}},"11":{"start":{"line":19,"column":0},"end":{"line":19,"column":68}},"12":{"start":{"line":22,"column":0},"end":{"line":22,"column":99}},"13":{"start":{"line":23,"column":0},"end":{"line":23,"column":114}},"14":{"start":{"line":24,"column":0},"end":{"line":24,"column":24}}},"fnMap":{},"branchMap":{},"s":{"0":0,"1":0,"2":0,"3":0,"4":0,"5":0,"6":0,"7":0,"8":0,"9":0,"10":0,"11":0,"12":0,"13":0,"14":0},"f":{},"b":{}}
,"C:\\INSY7314\\insy7314-part2-gradiq\\backend\\controller\\employeeController.js": {"path":"C:\\INSY7314\\insy7314-part2-gradiq\\backend\\controller\\employeeController.js","statementMap":{"0":{"start":{"line":1,"column":23},"end":{"line":1,"column":59}},"1":{"start":{"line":2,"column":26},"end":{"line":2,"column":56}},"2":{"start":{"line":5,"column":0},"end":{"line":15,"column":2}},"3":{"start":{"line":6,"column":2},"end":{"line":14,"column":3}},"4":{"start":{"line":7,"column":21},"end":{"line":7,"column":29}},"5":{"start":{"line":8,"column":4},"end":{"line":8,"column":75}},"6":{"start":{"line":9,"column":28},"end":{"line":9,"column":69}},"7":{"start":{"line":10,"column":4},"end":{"line":10,"column":42}},"8":{"start":{"line":12,"column":4},"end":{"line":12,"column":71}},"9":{"start":{"line":13,"column":4},"end":{"line":13,"column":51}},"10":{"start":{"line":18,"column":0},"end":{"line":34,"column":2}},"11":{"start":{"line":19,"column":2},"end":{"line":33,"column":3}},"12":{"start":{"line":20,"column":21},"end":{"line":20,"column":29}},"13":{"start":{"line":21,"column":26},"end":{"line":21,"column":36}},"14":{"start":{"line":22,"column":26},"end":{"line":22,"column":34}},"15":{"start":{"line":25,"column":31},"end":{"line":25,"column":55}},"16":{"start":{"line":27,"column":4},"end":{"line":27,"column":95}},"17":{"start":{"line":28,"column":19},"end":{"line":28,"column":86}},"18":{"start":{"line":29,"column":4},"end":{"line":29,"column":33}},"19":{"start":{"line":31,"column":4},"end":{"line":31,"column":66}},"20":{"start":{"line":32,"column":4},"end":{"line":32,"column":51}},"21":{"start":{"line":37,"column":0},"end":{"line":49,"column":2}},"22":{"start":{"line":38,"column":2},"end":{"line":48,"column":3}},"23":{"start":{"line":39,"column":21},"end":{"line":39,"column":29}},"24":{"start":{"line":40,"column":26},"end":{"line":40,"column":36}},"25":{"start":{"line":42,"column":4},"end":{"line":42,"column":90}},"26":{"start":{"line":43,"column":19},"end":{"line":43,"column":74}},"27":{"start":{"line":44,"column":4},"end":{"line":44,"column":33}},"28":{"start":{"line":46,"column":4},"end":{"line":46,"column":65}},"29":{"start":{"line":47,"column":4},"end":{"line":47,"column":51}},"30":{"start":{"line":52,"column":0},"end":{"line":62,"column":2}},"31":{"start":{"line":53,"column":2},"end":{"line":61,"column":3}},"32":{"start":{"line":54,"column":21},"end":{"line":54,"column":29}},"33":{"start":{"line":55,"column":4},"end":{"line":55,"column":77}},"34":{"start":{"line":56,"column":30},"end":{"line":56,"column":73}},"35":{"start":{"line":57,"column":4},"end":{"line":57,"column":44}},"36":{"start":{"line":59,"column":4},"end":{"line":59,"column":73}},"37":{"start":{"line":60,"column":4},"end":{"line":60,"column":51}}},"fnMap":{"0":{"name":"(anonymous_0)","decl":{"start":{"line":5,"column":29},"end":{"line":5,"column":30}},"loc":{"start":{"line":5,"column":49},"end":{"line":15,"column":1}},"line":5},"1":{"name":"(anonymous_1)","decl":{"start":{"line":18,"column":26},"end":{"line":18,"column":27}},"loc":{"start":{"line":18,"column":46},"end":{"line":34,"column":1}},"line":18},"2":{"name":"(anonymous_2)","decl":{"start":{"line":37,"column":24},"end":{"line":37,"column":25}},"loc":{"start":{"line":37,"column":44},"end":{"line":49,"column":1}},"line":37},"3":{"name":"(anonymous_3)","decl":{"start":{"line":52,"column":31},"end":{"line":52,"column":32}},"loc":{"start":{"line":52,"column":51},"end":{"line":62,"column":1}},"line":52}},"branchMap":{},"s":{"0":0,"1":0,"2":0,"3":0,"4":0,"5":0,"6":0,"7":0,"8":0,"9":0,"10":0,"11":0,"12":0,"13":0,"14":0,"15":0,"16":0,"17":0,"18":0,"19":0,"20":0,"21":0,"22":0,"23":0,"24":0,"25":0,"26":0,"27":0,"28":0,"29":0,"30":0,"31":0,"32":0,"33":0,"34":0,"35":0,"36":0,"37":0},"f":{"0":0,"1":0,"2":0,"3":0},"b":{}}
,"C:\\INSY7314\\insy7314-part2-gradiq\\backend\\controller\\paymentController.js": {"path":"C:\\INSY7314\\insy7314-part2-gradiq\\backend\\controller\\paymentController.js","statementMap":{"0":{"start":{"line":2,"column":23},"end":{"line":2,"column":59}},"1":{"start":{"line":3,"column":26},"end":{"line":3,"column":56}},"2":{"start":{"line":5,"column":0},"end":{"line":14,"column":2}},"3":{"start":{"line":6,"column":2},"end":{"line":13,"column":3}},"4":{"start":{"line":7,"column":17},"end":{"line":7,"column":25}},"5":{"start":{"line":8,"column":4},"end":{"line":8,"column":58}},"6":{"start":{"line":9,"column":21},"end":{"line":9,"column":62}},"7":{"start":{"line":10,"column":4},"end":{"line":10,"column":35}},"8":{"start":{"line":12,"column":4},"end":{"line":12,"column":51}},"9":{"start":{"line":16,"column":0},"end":{"line":32,"column":2}},"10":{"start":{"line":17,"column":2},"end":{"line":31,"column":3}},"11":{"start":{"line":18,"column":17},"end":{"line":18,"column":25}},"12":{"start":{"line":21,"column":33},"end":{"line":21,"column":35}},"13":{"start":{"line":22,"column":4},"end":{"line":24,"column":5}},"14":{"start":{"line":23,"column":6},"end":{"line":23,"column":55}},"15":{"start":{"line":26,"column":4},"end":{"line":26,"column":57}},"16":{"start":{"line":27,"column":26},"end":{"line":27,"column":88}},"17":{"start":{"line":28,"column":4},"end":{"line":28,"column":40}},"18":{"start":{"line":30,"column":4},"end":{"line":30,"column":51}},"19":{"start":{"line":34,"column":0},"end":{"line":43,"column":2}},"20":{"start":{"line":35,"column":2},"end":{"line":42,"column":3}},"21":{"start":{"line":36,"column":26},"end":{"line":36,"column":36}},"22":{"start":{"line":38,"column":4},"end":{"line":38,"column":61}},"23":{"start":{"line":39,"column":4},"end":{"line":39,"column":81}},"24":{"start":{"line":41,"column":4},"end":{"line":41,"column":51}}},"fnMap":{"0":{"name":"(anonymous_0)","decl":{"start":{"line":5,"column":25},"end":{"line":5,"column":26}},"loc":{"start":{"line":5,"column":43},"end":{"line":14,"column":1}},"line":5},"1":{"name":"(anonymous_1)","decl":{"start":{"line":16,"column":24},"end":{"line":16,"column":25}},"loc":{"start":{"line":16,"column":44},"end":{"line":32,"column":1}},"line":16},"2":{"name":"(anonymous_2)","decl":{"start":{"line":34,"column":30},"end":{"line":34,"column":31}},"loc":{"start":{"line":34,"column":50},"end":{"line":43,"column":1}},"line":34}},"branchMap":{},"s":{"0":0,"1":0,"2":0,"3":0,"4":0,"5":0,"6":0,"7":0,"8":0,"9":0,"10":0,"11":0,"12":0,"13":0,"14":0,"15":0,"16":0,"17":0,"18":0,"19":0,"20":0,"21":0,"22":0,"23":0,"24":0},"f":{"0":0,"1":0,"2":0},"b":{}}
,"C:\\INSY7314\\insy7314-part2-gradiq\\backend\\controller\\userController.js": {"path":"C:\\INSY7314\\insy7314-part2-gradiq\\backend\\controller\\userController.js","statementMap":{"0":{"start":{"line":2,"column":20},"end":{"line":2,"column":53}},"1":{"start":{"line":3,"column":26},"end":{"line":3,"column":56}},"2":{"start":{"line":5,"column":0},"end":{"line":21,"column":2}},"3":{"start":{"line":6,"column":2},"end":{"line":20,"column":3}},"4":{"start":{"line":8,"column":26},"end":{"line":8,"column":28}},"5":{"start":{"line":9,"column":4},"end":{"line":11,"column":5}},"6":{"start":{"line":10,"column":6},"end":{"line":10,"column":48}},"7":{"start":{"line":13,"column":4},"end":{"line":13,"column":91}},"8":{"start":{"line":14,"column":20},"end":{"line":14,"column":65}},"9":{"start":{"line":15,"column":4},"end":{"line":15,"column":34}},"10":{"start":{"line":16,"column":4},"end":{"line":16,"column":66}},"11":{"start":{"line":19,"column":4},"end":{"line":19,"column":51}},"12":{"start":{"line":23,"column":0},"end":{"line":57,"column":2}},"13":{"start":{"line":24,"column":2},"end":{"line":56,"column":3}},"14":{"start":{"line":26,"column":26},"end":{"line":26,"column":28}},"15":{"start":{"line":27,"column":4},"end":{"line":29,"column":5}},"16":{"start":{"line":28,"column":6},"end":{"line":28,"column":48}},"17":{"start":{"line":31,"column":4},"end":{"line":31,"column":84}},"18":{"start":{"line":32,"column":17},"end":{"line":32,"column":59}},"19":{"start":{"line":37,"column":4},"end":{"line":43,"column":7}},"20":{"start":{"line":47,"column":49},"end":{"line":47,"column":53}},"21":{"start":{"line":48,"column":4},"end":{"line":51,"column":7}},"22":{"start":{"line":52,"column":4},"end":{"line":52,"column":59}},"23":{"start":{"line":54,"column":4},"end":{"line":54,"column":51}},"24":{"start":{"line":55,"column":4},"end":{"line":55,"column":51}},"25":{"start":{"line":59,"column":0},"end":{"line":83,"column":2}},"26":{"start":{"line":60,"column":2},"end":{"line":82,"column":3}},"27":{"start":{"line":62,"column":4},"end":{"line":67,"column":7}},"28":{"start":{"line":70,"column":4},"end":{"line":75,"column":7}},"29":{"start":{"line":77,"column":4},"end":{"line":77,"column":80}},"30":{"start":{"line":78,"column":4},"end":{"line":78,"column":69}},"31":{"start":{"line":80,"column":4},"end":{"line":80,"column":52}},"32":{"start":{"line":81,"column":4},"end":{"line":81,"column":53}}},"fnMap":{"0":{"name":"(anonymous_0)","decl":{"start":{"line":5,"column":23},"end":{"line":5,"column":24}},"loc":{"start":{"line":5,"column":43},"end":{"line":21,"column":1}},"line":5},"1":{"name":"(anonymous_1)","decl":{"start":{"line":23,"column":20},"end":{"line":23,"column":21}},"loc":{"start":{"line":23,"column":40},"end":{"line":57,"column":1}},"line":23},"2":{"name":"(anonymous_2)","decl":{"start":{"line":59,"column":21},"end":{"line":59,"column":22}},"loc":{"start":{"line":59,"column":39},"end":{"line":83,"column":1}},"line":59}},"branchMap":{"0":{"loc":{"start":{"line":40,"column":16},"end":{"line":40,"column":72}},"type":"cond-expr","locations":[{"start":{"line":40,"column":56},"end":{"line":40,"column":64}},{"start":{"line":40,"column":67},"end":{"line":40,"column":72}}],"line":40},"1":{"loc":{"start":{"line":73,"column":16},"end":{"line":73,"column":72}},"type":"cond-expr","locations":[{"start":{"line":73,"column":56},"end":{"line":73,"column":64}},{"start":{"line":73,"column":67},"end":{"line":73,"column":72}}],"line":73}},"s":{"0":0,"1":0,"2":0,"3":0,"4":0,"5":0,"6":0,"7":0,"8":0,"9":0,"10":0,"11":0,"12":0,"13":0,"14":0,"15":0,"16":0,"17":0,"18":0,"19":0,"20":0,"21":0,"22":0,"23":0,"24":0,"25":0,"26":0,"27":0,"28":0,"29":0,"30":0,"31":0,"32":0},"f":{"0":0,"1":0,"2":0},"b":{"0":[0,0],"1":[0,0]}}
,"C:\\INSY7314\\insy7314-part2-gradiq\\backend\\middleware\\csrfProtection.js": {"path":"C:\\INSY7314\\insy7314-part2-gradiq\\backend\\middleware\\csrfProtection.js","statementMap":{"0":{"start":{"line":6,"column":15},"end":{"line":6,"column":32}},"1":{"start":{"line":11,"column":26},"end":{"line":13,"column":1}},"2":{"start":{"line":12,"column":2},"end":{"line":12,"column":48}},"3":{"start":{"line":19,"column":21},"end":{"line":56,"column":1}},"4":{"start":{"line":20,"column":2},"end":{"line":55,"column":3}},"5":{"start":{"line":21,"column":4},"end":{"line":21,"column":76}},"6":{"start":{"line":24,"column":16},"end":{"line":24,"column":41}},"7":{"start":{"line":27,"column":4},"end":{"line":41,"column":5}},"8":{"start":{"line":28,"column":6},"end":{"line":28,"column":34}},"9":{"start":{"line":29,"column":6},"end":{"line":29,"column":78}},"10":{"start":{"line":32,"column":6},"end":{"line":38,"column":9}},"11":{"start":{"line":40,"column":6},"end":{"line":40,"column":79}},"12":{"start":{"line":44,"column":4},"end":{"line":44,"column":33}},"13":{"start":{"line":45,"column":4},"end":{"line":45,"column":26}},"14":{"start":{"line":48,"column":4},"end":{"line":48,"column":41}},"15":{"start":{"line":50,"column":4},"end":{"line":50,"column":64}},"16":{"start":{"line":51,"column":4},"end":{"line":51,"column":11}},"17":{"start":{"line":53,"column":4},"end":{"line":53,"column":62}},"18":{"start":{"line":54,"column":4},"end":{"line":54,"column":16}},"19":{"start":{"line":62,"column":21},"end":{"line":130,"column":1}},"20":{"start":{"line":64,"column":2},"end":{"line":66,"column":3}},"21":{"start":{"line":65,"column":4},"end":{"line":65,"column":18}},"22":{"start":{"line":68,"column":22},"end":{"line":68,"column":47}},"23":{"start":{"line":69,"column":22},"end":{"line":69,"column":78}},"24":{"start":{"line":70,"column":20},"end":{"line":70,"column":46}},"25":{"start":{"line":72,"column":2},"end":{"line":77,"column":5}},"26":{"start":{"line":80,"column":2},"end":{"line":86,"column":3}},"27":{"start":{"line":81,"column":4},"end":{"line":81,"column":59}},"28":{"start":{"line":82,"column":4},"end":{"line":85,"column":7}},"29":{"start":{"line":89,"column":25},"end":{"line":89,"column":49}},"30":{"start":{"line":91,"column":2},"end":{"line":97,"column":3}},"31":{"start":{"line":92,"column":4},"end":{"line":92,"column":62}},"32":{"start":{"line":93,"column":4},"end":{"line":96,"column":7}},"33":{"start":{"line":100,"column":2},"end":{"line":106,"column":3}},"34":{"start":{"line":101,"column":4},"end":{"line":101,"column":58}},"35":{"start":{"line":102,"column":4},"end":{"line":105,"column":7}},"36":{"start":{"line":109,"column":2},"end":{"line":126,"column":3}},"37":{"start":{"line":110,"column":4},"end":{"line":116,"column":5}},"38":{"start":{"line":111,"column":6},"end":{"line":111,"column":75}},"39":{"start":{"line":112,"column":6},"end":{"line":115,"column":9}},"40":{"start":{"line":118,"column":4},"end":{"line":118,"column":69}},"41":{"start":{"line":120,"column":4},"end":{"line":125,"column":5}},"42":{"start":{"line":121,"column":6},"end":{"line":124,"column":9}},"43":{"start":{"line":128,"column":2},"end":{"line":128,"column":44}},"44":{"start":{"line":129,"column":2},"end":{"line":129,"column":9}},"45":{"start":{"line":135,"column":21},"end":{"line":171,"column":1}},"46":{"start":{"line":136,"column":2},"end":{"line":170,"column":3}},"47":{"start":{"line":137,"column":4},"end":{"line":137,"column":46}},"48":{"start":{"line":140,"column":16},"end":{"line":140,"column":53}},"49":{"start":{"line":142,"column":4},"end":{"line":157,"column":5}},"50":{"start":{"line":143,"column":6},"end":{"line":143,"column":59}},"51":{"start":{"line":144,"column":6},"end":{"line":144,"column":34}},"52":{"start":{"line":147,"column":6},"end":{"line":153,"column":9}},"53":{"start":{"line":154,"column":6},"end":{"line":154,"column":61}},"54":{"start":{"line":156,"column":6},"end":{"line":156,"column":58}},"55":{"start":{"line":159,"column":4},"end":{"line":159,"column":47}},"56":{"start":{"line":160,"column":4},"end":{"line":163,"column":7}},"57":{"start":{"line":165,"column":4},"end":{"line":165,"column":51}},"58":{"start":{"line":166,"column":4},"end":{"line":169,"column":7}},"59":{"start":{"line":173,"column":0},"end":{"line":178,"column":2}}},"fnMap":{"0":{"name":"(anonymous_0)","decl":{"start":{"line":11,"column":26},"end":{"line":11,"column":27}},"loc":{"start":{"line":11,"column":32},"end":{"line":13,"column":1}},"line":11},"1":{"name":"(anonymous_1)","decl":{"start":{"line":19,"column":21},"end":{"line":19,"column":22}},"loc":{"start":{"line":19,"column":41},"end":{"line":56,"column":1}},"line":19},"2":{"name":"(anonymous_2)","decl":{"start":{"line":62,"column":21},"end":{"line":62,"column":22}},"loc":{"start":{"line":62,"column":41},"end":{"line":130,"column":1}},"line":62},"3":{"name":"(anonymous_3)","decl":{"start":{"line":135,"column":21},"end":{"line":135,"column":22}},"loc":{"start":{"line":135,"column":35},"end":{"line":171,"column":1}},"line":135}},"branchMap":{"0":{"loc":{"start":{"line":27,"column":4},"end":{"line":41,"column":5}},"type":"if","locations":[{"start":{"line":27,"column":4},"end":{"line":41,"column":5}},{"start":{"line":39,"column":11},"end":{"line":41,"column":5}}],"line":27},"1":{"loc":{"start":{"line":35,"column":18},"end":{"line":35,"column":74}},"type":"cond-expr","locations":[{"start":{"line":35,"column":58},"end":{"line":35,"column":66}},{"start":{"line":35,"column":69},"end":{"line":35,"column":74}}],"line":35},"2":{"loc":{"start":{"line":64,"column":2},"end":{"line":66,"column":3}},"type":"if","locations":[{"start":{"line":64,"column":2},"end":{"line":66,"column":3}},{"start":{},"end":{}}],"line":64},"3":{"loc":{"start":{"line":69,"column":22},"end":{"line":69,"column":78}},"type":"binary-expr","locations":[{"start":{"line":69,"column":22},"end":{"line":69,"column":49}},{"start":{"line":69,"column":53},"end":{"line":69,"column":78}}],"line":69},"4":{"loc":{"start":{"line":70,"column":20},"end":{"line":70,"column":46}},"type":"binary-expr","locations":[{"start":{"line":70,"column":20},"end":{"line":70,"column":28}},{"start":{"line":70,"column":32},"end":{"line":70,"column":46}}],"line":70},"5":{"loc":{"start":{"line":74,"column":17},"end":{"line":74,"column":52}},"type":"cond-expr","locations":[{"start":{"line":74,"column":31},"end":{"line":74,"column":40}},{"start":{"line":74,"column":43},"end":{"line":74,"column":52}}],"line":74},"6":{"loc":{"start":{"line":75,"column":17},"end":{"line":75,"column":52}},"type":"cond-expr","locations":[{"start":{"line":75,"column":31},"end":{"line":75,"column":40}},{"start":{"line":75,"column":43},"end":{"line":75,"column":52}}],"line":75},"7":{"loc":{"start":{"line":76,"column":15},"end":{"line":76,"column":48}},"type":"cond-expr","locations":[{"start":{"line":76,"column":27},"end":{"line":76,"column":36}},{"start":{"line":76,"column":39},"end":{"line":76,"column":48}}],"line":76},"8":{"loc":{"start":{"line":80,"column":2},"end":{"line":86,"column":3}},"type":"if","locations":[{"start":{"line":80,"column":2},"end":{"line":86,"column":3}},{"start":{},"end":{}}],"line":80},"9":{"loc":{"start":{"line":89,"column":25},"end":{"line":89,"column":49}},"type":"binary-expr","locations":[{"start":{"line":89,"column":25},"end":{"line":89,"column":36}},{"start":{"line":89,"column":40},"end":{"line":89,"column":49}}],"line":89},"10":{"loc":{"start":{"line":91,"column":2},"end":{"line":97,"column":3}},"type":"if","locations":[{"start":{"line":91,"column":2},"end":{"line":97,"column":3}},{"start":{},"end":{}}],"line":91},"11":{"loc":{"start":{"line":100,"column":2},"end":{"line":106,"column":3}},"type":"if","locations":[{"start":{"line":100,"column":2},"end":{"line":106,"column":3}},{"start":{},"end":{}}],"line":100},"12":{"loc":{"start":{"line":110,"column":4},"end":{"line":116,"column":5}},"type":"if","locations":[{"start":{"line":110,"column":4},"end":{"line":116,"column":5}},{"start":{},"end":{}}],"line":110},"13":{"loc":{"start":{"line":120,"column":4},"end":{"line":125,"column":5}},"type":"if","locations":[{"start":{"line":120,"column":4},"end":{"line":125,"column":5}},{"start":{},"end":{}}],"line":120},"14":{"loc":{"start":{"line":140,"column":16},"end":{"line":140,"column":53}},"type":"binary-expr","locations":[{"start":{"line":140,"column":16},"end":{"line":140,"column":29}},{"start":{"line":140,"column":33},"end":{"line":140,"column":53}}],"line":140},"15":{"loc":{"start":{"line":142,"column":4},"end":{"line":157,"column":5}},"type":"if","locations":[{"start":{"line":142,"column":4},"end":{"line":157,"column":5}},{"start":{"line":155,"column":11},"end":{"line":157,"column":5}}],"line":142},"16":{"loc":{"start":{"line":150,"column":18},"end":{"line":150,"column":74}},"type":"cond-expr","locations":[{"start":{"line":150,"column":58},"end":{"line":150,"column":66}},{"start":{"line":150,"column":69},"end":{"line":150,"column":74}}],"line":150}},"s":{"0":0,"1":0,"2":0,"3":0,"4":0,"5":0,"6":0,"7":0,"8":0,"9":0,"10":0,"11":0,"12":0,"13":0,"14":0,"15":0,"16":0,"17":0,"18":0,"19":0,"20":0,"21":0,"22":0,"23":0,"24":0,"25":0,"26":0,"27":0,"28":0,"29":0,"30":0,"31":0,"32":0,"33":0,"34":0,"35":0,"36":0,"37":0,"38":0,"39":0,"40":0,"41":0,"42":0,"43":0,"44":0,"45":0,"46":0,"47":0,"48":0,"49":0,"50":0,"51":0,"52":0,"53":0,"54":0,"55":0,"56":0,"57":0,"58":0,"59":0},"f":{"0":0,"1":0,"2":0,"3":0},"b":{"0":[0,0],"1":[0,0],"2":[0,0],"3":[0,0],"4":[0,0],"5":[0,0],"6":[0,0],"7":[0,0],"8":[0,0],"9":[0,0],"10":[0,0],"11":[0,0],"12":[0,0],"13":[0,0],"14":[0,0],"15":[0,0],"16":[0,0]}}
,"C:\\INSY7314\\insy7314-part2-gradiq\\backend\\middleware\\httpsRedirect.js": {"path":"C:\\INSY7314\\insy7314-part2-gradiq\\backend\\middleware\\httpsRedirect.js","statementMap":{"0":{"start":{"line":6,"column":22},"end":{"line":22,"column":1}},"1":{"start":{"line":8,"column":2},"end":{"line":10,"column":3}},"2":{"start":{"line":9,"column":4},"end":{"line":9,"column":18}},"3":{"start":{"line":13,"column":2},"end":{"line":15,"column":3}},"4":{"start":{"line":14,"column":4},"end":{"line":14,"column":18}},"5":{"start":{"line":18,"column":19},"end":{"line":18,"column":57}},"6":{"start":{"line":21,"column":2},"end":{"line":21,"column":37}},"7":{"start":{"line":24,"column":0},"end":{"line":24,"column":31}}},"fnMap":{"0":{"name":"(anonymous_0)","decl":{"start":{"line":6,"column":22},"end":{"line":6,"column":23}},"loc":{"start":{"line":6,"column":42},"end":{"line":22,"column":1}},"line":6}},"branchMap":{"0":{"loc":{"start":{"line":8,"column":2},"end":{"line":10,"column":3}},"type":"if","locations":[{"start":{"line":8,"column":2},"end":{"line":10,"column":3}},{"start":{},"end":{}}],"line":8},"1":{"loc":{"start":{"line":8,"column":6},"end":{"line":8,"column":64}},"type":"binary-expr","locations":[{"start":{"line":8,"column":6},"end":{"line":8,"column":16}},{"start":{"line":8,"column":20},"end":{"line":8,"column":64}}],"line":8},"2":{"loc":{"start":{"line":13,"column":2},"end":{"line":15,"column":3}},"type":"if","locations":[{"start":{"line":13,"column":2},"end":{"line":15,"column":3}},{"start":{},"end":{}}],"line":13},"3":{"loc":{"start":{"line":13,"column":6},"end":{"line":13,"column":76}},"type":"binary-expr","locations":[{"start":{"line":13,"column":6},"end":{"line":13,"column":44}},{"start":{"line":13,"column":48},"end":{"line":13,"column":76}}],"line":13}},"s":{"0":0,"1":0,"2":0,"3":0,"4":0,"5":0,"6":0,"7":0},"f":{"0":0},"b":{"0":[0,0],"1":[0,0],"2":[0,0],"3":[0,0]}}
,"C:\\INSY7314\\insy7314-part2-gradiq\\backend\\middleware\\rateLimiter.js": {"path":"C:\\INSY7314\\insy7314-part2-gradiq\\backend\\middleware\\rateLimiter.js","statementMap":{"0":{"start":{"line":1,"column":20},"end":{"line":1,"column":49}},"1":{"start":{"line":5,"column":20},"end":{"line":11,"column":2}},"2":{"start":{"line":13,"column":0},"end":{"line":15,"column":2}}},"fnMap":{},"branchMap":{},"s":{"0":0,"1":0,"2":0},"f":{},"b":{}}
,"C:\\INSY7314\\insy7314-part2-gradiq\\backend\\middleware\\security.js": {"path":"C:\\INSY7314\\insy7314-part2-gradiq\\backend\\middleware\\security.js","statementMap":{"0":{"start":{"line":6,"column":22},"end":{"line":6,"column":48}},"1":{"start":{"line":11,"column":24},"end":{"line":25,"column":1}},"2":{"start":{"line":13,"column":2},"end":{"line":15,"column":3}},"3":{"start":{"line":14,"column":4},"end":{"line":14,"column":95}},"4":{"start":{"line":18,"column":2},"end":{"line":18,"column":40}},"5":{"start":{"line":19,"column":2},"end":{"line":19,"column":90}},"6":{"start":{"line":20,"column":2},"end":{"line":20,"column":38}},"7":{"start":{"line":21,"column":2},"end":{"line":21,"column":32}},"8":{"start":{"line":22,"column":2},"end":{"line":22,"column":49}},"9":{"start":{"line":24,"column":2},"end":{"line":24,"column":9}},"10":{"start":{"line":30,"column":21},"end":{"line":42,"column":1}},"11":{"start":{"line":32,"column":2},"end":{"line":39,"column":3}},"12":{"start":{"line":33,"column":4},"end":{"line":38,"column":5}},"13":{"start":{"line":34,"column":6},"end":{"line":37,"column":9}},"14":{"start":{"line":41,"column":2},"end":{"line":41,"column":9}},"15":{"start":{"line":44,"column":0},"end":{"line":48,"column":2}}},"fnMap":{"0":{"name":"(anonymous_0)","decl":{"start":{"line":11,"column":24},"end":{"line":11,"column":25}},"loc":{"start":{"line":11,"column":44},"end":{"line":25,"column":1}},"line":11},"1":{"name":"(anonymous_1)","decl":{"start":{"line":30,"column":21},"end":{"line":30,"column":22}},"loc":{"start":{"line":30,"column":41},"end":{"line":42,"column":1}},"line":30}},"branchMap":{"0":{"loc":{"start":{"line":13,"column":2},"end":{"line":15,"column":3}},"type":"if","locations":[{"start":{"line":13,"column":2},"end":{"line":15,"column":3}},{"start":{},"end":{}}],"line":13},"1":{"loc":{"start":{"line":32,"column":2},"end":{"line":39,"column":3}},"type":"if","locations":[{"start":{"line":32,"column":2},"end":{"line":39,"column":3}},{"start":{},"end":{}}],"line":32},"2":{"loc":{"start":{"line":33,"column":4},"end":{"line":38,"column":5}},"type":"if","locations":[{"start":{"line":33,"column":4},"end":{"line":38,"column":5}},{"start":{},"end":{}}],"line":33},"3":{"loc":{"start":{"line":33,"column":8},"end":{"line":33,"column":63}},"type":"binary-expr","locations":[{"start":{"line":33,"column":8},"end":{"line":33,"column":19}},{"start":{"line":33,"column":23},"end":{"line":33,"column":63}}],"line":33}},"s":{"0":0,"1":0,"2":0,"3":0,"4":0,"5":0,"6":0,"7":0,"8":0,"9":0,"10":0,"11":0,"12":0,"13":0,"14":0,"15":0},"f":{"0":0,"1":0},"b":{"0":[0,0],"1":[0,0],"2":[0,0],"3":[0,0]}}
,"C:\\INSY7314\\insy7314-part2-gradiq\\backend\\middleware\\strictCSP.js": {"path":"C:\\INSY7314\\insy7314-part2-gradiq\\backend\\middleware\\strictCSP.js","statementMap":{"0":{"start":{"line":6,"column":15},"end":{"line":6,"column":32}},"1":{"start":{"line":11,"column":22},"end":{"line":13,"column":1}},"2":{"start":{"line":12,"column":2},"end":{"line":12,"column":51}},"3":{"start":{"line":18,"column":18},"end":{"line":58,"column":1}},"4":{"start":{"line":20,"column":22},"end":{"line":20,"column":37}},"5":{"start":{"line":21,"column":21},"end":{"line":21,"column":36}},"6":{"start":{"line":24,"column":2},"end":{"line":24,"column":39}},"7":{"start":{"line":25,"column":2},"end":{"line":25,"column":37}},"8":{"start":{"line":28,"column":24},"end":{"line":46,"column":14}},"9":{"start":{"line":48,"column":2},"end":{"line":48,"column":58}},"10":{"start":{"line":51,"column":2},"end":{"line":51,"column":53}},"11":{"start":{"line":52,"column":2},"end":{"line":52,"column":43}},"12":{"start":{"line":53,"column":2},"end":{"line":53,"column":53}},"13":{"start":{"line":54,"column":2},"end":{"line":54,"column":70}},"14":{"start":{"line":55,"column":2},"end":{"line":55,"column":82}},"15":{"start":{"line":57,"column":2},"end":{"line":57,"column":9}},"16":{"start":{"line":63,"column":15},"end":{"line":75,"column":1}},"17":{"start":{"line":64,"column":24},"end":{"line":68,"column":14}},"18":{"start":{"line":70,"column":2},"end":{"line":70,"column":58}},"19":{"start":{"line":71,"column":2},"end":{"line":71,"column":53}},"20":{"start":{"line":72,"column":2},"end":{"line":72,"column":43}},"21":{"start":{"line":74,"column":2},"end":{"line":74,"column":9}},"22":{"start":{"line":77,"column":0},"end":{"line":81,"column":2}}},"fnMap":{"0":{"name":"(anonymous_0)","decl":{"start":{"line":11,"column":22},"end":{"line":11,"column":23}},"loc":{"start":{"line":11,"column":28},"end":{"line":13,"column":1}},"line":11},"1":{"name":"(anonymous_1)","decl":{"start":{"line":18,"column":18},"end":{"line":18,"column":19}},"loc":{"start":{"line":18,"column":38},"end":{"line":58,"column":1}},"line":18},"2":{"name":"(anonymous_2)","decl":{"start":{"line":63,"column":15},"end":{"line":63,"column":16}},"loc":{"start":{"line":63,"column":35},"end":{"line":75,"column":1}},"line":63}},"branchMap":{},"s":{"0":0,"1":0,"2":0,"3":0,"4":0,"5":0,"6":0,"7":0,"8":0,"9":0,"10":0,"11":0,"12":0,"13":0,"14":0,"15":0,"16":0,"17":0,"18":0,"19":0,"20":0,"21":0,"22":0},"f":{"0":0,"1":0,"2":0},"b":{}}
,"C:\\INSY7314\\insy7314-part2-gradiq\\backend\\service\\paymentService.js": {"path":"C:\\INSY7314\\insy7314-part2-gradiq\\backend\\service\\paymentService.js","statementMap":{"0":{"start":{"line":1,"column":19},"end":{"line":1,"column":44}},"1":{"start":{"line":2,"column":21},"end":{"line":2,"column":39}},"2":{"start":{"line":3,"column":15},"end":{"line":3,"column":32}},"3":{"start":{"line":4,"column":69},"end":{"line":4,"column":99}},"4":{"start":{"line":7,"column":2},"end":{"line":7,"column":40}},"5":{"start":{"line":7,"column":30},"end":{"line":7,"column":40}},"6":{"start":{"line":8,"column":2},"end":{"line":10,"column":3}},"7":{"start":{"line":9,"column":4},"end":{"line":9,"column":28}},"8":{"start":{"line":11,"column":2},"end":{"line":11,"column":72}},"9":{"start":{"line":15,"column":2},"end":{"line":24,"column":3}},"10":{"start":{"line":16,"column":15},"end":{"line":16,"column":40}},"11":{"start":{"line":17,"column":31},"end":{"line":17,"column":56}},"12":{"start":{"line":18,"column":21},"end":{"line":18,"column":93}},"13":{"start":{"line":19,"column":4},"end":{"line":19,"column":94}},"14":{"start":{"line":20,"column":4},"end":{"line":20,"column":20}},"15":{"start":{"line":22,"column":4},"end":{"line":22,"column":83}},"16":{"start":{"line":23,"column":4},"end":{"line":23,"column":47}},"17":{"start":{"line":28,"column":2},"end":{"line":76,"column":3}},"18":{"start":{"line":29,"column":15},"end":{"line":29,"column":40}},"19":{"start":{"line":30,"column":31},"end":{"line":30,"column":56}},"20":{"start":{"line":33,"column":19},"end":{"line":33,"column":74}},"21":{"start":{"line":34,"column":21},"end":{"line":34,"column":97}},"22":{"start":{"line":35,"column":28},"end":{"line":35,"column":126}},"23":{"start":{"line":36,"column":26},"end":{"line":36,"column":118}},"24":{"start":{"line":37,"column":23},"end":{"line":37,"column":106}},"25":{"start":{"line":38,"column":24},"end":{"line":38,"column":110}},"26":{"start":{"line":39,"column":30},"end":{"line":39,"column":135}},"27":{"start":{"line":40,"column":22},"end":{"line":40,"column":102}},"28":{"start":{"line":43,"column":28},"end":{"line":43,"column":56}},"29":{"start":{"line":44,"column":4},"end":{"line":46,"column":5}},"30":{"start":{"line":45,"column":6},"end":{"line":45,"column":99}},"31":{"start":{"line":49,"column":17},"end":{"line":49,"column":41}},"32":{"start":{"line":50,"column":32},"end":{"line":50,"column":70}},"33":{"start":{"line":52,"column":31},"end":{"line":58,"column":5}},"34":{"start":{"line":60,"column":23},"end":{"line":68,"column":5}},"35":{"start":{"line":70,"column":19},"end":{"line":70,"column":65}},"36":{"start":{"line":71,"column":4},"end":{"line":71,"column":102}},"37":{"start":{"line":72,"column":4},"end":{"line":72,"column":52}},"38":{"start":{"line":74,"column":4},"end":{"line":74,"column":89}},"39":{"start":{"line":75,"column":4},"end":{"line":75,"column":35}},"40":{"start":{"line":80,"column":2},"end":{"line":105,"column":3}},"41":{"start":{"line":81,"column":15},"end":{"line":81,"column":40}},"42":{"start":{"line":82,"column":31},"end":{"line":82,"column":56}},"43":{"start":{"line":83,"column":28},"end":{"line":83,"column":50}},"44":{"start":{"line":86,"column":28},"end":{"line":86,"column":90}},"45":{"start":{"line":89,"column":29},"end":{"line":98,"column":5}},"46":{"start":{"line":91,"column":21},"end":{"line":91,"column":75}},"47":{"start":{"line":92,"column":8},"end":{"line":96,"column":10}},"48":{"start":{"line":100,"column":4},"end":{"line":100,"column":69}},"49":{"start":{"line":101,"column":4},"end":{"line":101,"column":28}},"50":{"start":{"line":103,"column":4},"end":{"line":103,"column":71}},"51":{"start":{"line":104,"column":4},"end":{"line":104,"column":55}},"52":{"start":{"line":109,"column":2},"end":{"line":155,"column":3}},"53":{"start":{"line":110,"column":15},"end":{"line":110,"column":40}},"54":{"start":{"line":111,"column":31},"end":{"line":111,"column":56}},"55":{"start":{"line":114,"column":20},"end":{"line":114,"column":84}},"56":{"start":{"line":115,"column":4},"end":{"line":117,"column":5}},"57":{"start":{"line":116,"column":6},"end":{"line":116,"column":43}},"58":{"start":{"line":119,"column":4},"end":{"line":121,"column":5}},"59":{"start":{"line":120,"column":6},"end":{"line":120,"column":58}},"60":{"start":{"line":124,"column":29},"end":{"line":124,"column":65}},"61":{"start":{"line":125,"column":4},"end":{"line":127,"column":5}},"62":{"start":{"line":126,"column":6},"end":{"line":126,"column":51}},"63":{"start":{"line":130,"column":4},"end":{"line":132,"column":5}},"64":{"start":{"line":131,"column":6},"end":{"line":131,"column":71}},"65":{"start":{"line":135,"column":19},"end":{"line":144,"column":5}},"66":{"start":{"line":146,"column":4},"end":{"line":148,"column":5}},"67":{"start":{"line":147,"column":6},"end":{"line":147,"column":43}},"68":{"start":{"line":150,"column":4},"end":{"line":150,"column":73}},"69":{"start":{"line":151,"column":4},"end":{"line":151,"column":79}},"70":{"start":{"line":153,"column":4},"end":{"line":153,"column":66}},"71":{"start":{"line":154,"column":4},"end":{"line":154,"column":16}},"72":{"start":{"line":159,"column":2},"end":{"line":196,"column":3}},"73":{"start":{"line":160,"column":15},"end":{"line":160,"column":40}},"74":{"start":{"line":161,"column":31},"end":{"line":161,"column":56}},"75":{"start":{"line":164,"column":20},"end":{"line":164,"column":84}},"76":{"start":{"line":165,"column":4},"end":{"line":167,"column":5}},"77":{"start":{"line":166,"column":6},"end":{"line":166,"column":43}},"78":{"start":{"line":169,"column":4},"end":{"line":171,"column":5}},"79":{"start":{"line":170,"column":6},"end":{"line":170,"column":77}},"80":{"start":{"line":174,"column":19},"end":{"line":183,"column":5}},"81":{"start":{"line":185,"column":4},"end":{"line":187,"column":5}},"82":{"start":{"line":186,"column":6},"end":{"line":186,"column":43}},"83":{"start":{"line":189,"column":4},"end":{"line":192,"column":6}},"84":{"start":{"line":194,"column":4},"end":{"line":194,"column":65}},"85":{"start":{"line":195,"column":4},"end":{"line":195,"column":16}},"86":{"start":{"line":200,"column":2},"end":{"line":227,"column":3}},"87":{"start":{"line":201,"column":15},"end":{"line":201,"column":40}},"88":{"start":{"line":202,"column":31},"end":{"line":202,"column":56}},"89":{"start":{"line":203,"column":28},"end":{"line":203,"column":50}},"90":{"start":{"line":206,"column":30},"end":{"line":208,"column":16}},"91":{"start":{"line":211,"column":29},"end":{"line":220,"column":5}},"92":{"start":{"line":213,"column":21},"end":{"line":213,"column":75}},"93":{"start":{"line":214,"column":8},"end":{"line":218,"column":10}},"94":{"start":{"line":222,"column":4},"end":{"line":222,"column":71}},"95":{"start":{"line":223,"column":4},"end":{"line":223,"column":28}},"96":{"start":{"line":225,"column":4},"end":{"line":225,"column":73}},"97":{"start":{"line":226,"column":4},"end":{"line":226,"column":57}},"98":{"start":{"line":232,"column":2},"end":{"line":268,"column":3}},"99":{"start":{"line":233,"column":15},"end":{"line":233,"column":40}},"100":{"start":{"line":234,"column":31},"end":{"line":234,"column":56}},"101":{"start":{"line":236,"column":20},"end":{"line":236,"column":84}},"102":{"start":{"line":238,"column":4},"end":{"line":240,"column":5}},"103":{"start":{"line":239,"column":6},"end":{"line":239,"column":43}},"104":{"start":{"line":242,"column":4},"end":{"line":244,"column":5}},"105":{"start":{"line":243,"column":6},"end":{"line":243,"column":81}},"106":{"start":{"line":246,"column":19},"end":{"line":257,"column":5}},"107":{"start":{"line":259,"column":4},"end":{"line":261,"column":5}},"108":{"start":{"line":260,"column":6},"end":{"line":260,"column":43}},"109":{"start":{"line":263,"column":4},"end":{"line":263,"column":77}},"110":{"start":{"line":264,"column":4},"end":{"line":264,"column":89}},"111":{"start":{"line":266,"column":4},"end":{"line":266,"column":78}},"112":{"start":{"line":267,"column":4},"end":{"line":267,"column":16}},"113":{"start":{"line":271,"column":0},"end":{"line":271,"column":151}}},"fnMap":{"0":{"name":"toObjectId","decl":{"start":{"line":6,"column":9},"end":{"line":6,"column":19}},"loc":{"start":{"line":6,"column":24},"end":{"line":12,"column":1}},"line":6},"1":{"name":"getAllPayments","decl":{"start":{"line":14,"column":15},"end":{"line":14,"column":29}},"loc":{"start":{"line":14,"column":35},"end":{"line":25,"column":1}},"line":14},"2":{"name":"CreatePayment","decl":{"start":{"line":27,"column":15},"end":{"line":27,"column":28}},"loc":{"start":{"line":27,"column":41},"end":{"line":77,"column":1}},"line":27},"3":{"name":"getPendingPayments","decl":{"start":{"line":79,"column":15},"end":{"line":79,"column":33}},"loc":{"start":{"line":79,"column":36},"end":{"line":106,"column":1}},"line":79},"4":{"name":"(anonymous_4)","decl":{"start":{"line":90,"column":26},"end":{"line":90,"column":27}},"loc":{"start":{"line":90,"column":45},"end":{"line":97,"column":7}},"line":90},"5":{"name":"verifySwiftCode","decl":{"start":{"line":108,"column":15},"end":{"line":108,"column":30}},"loc":{"start":{"line":108,"column":53},"end":{"line":156,"column":1}},"line":108},"6":{"name":"submitToSwift","decl":{"start":{"line":158,"column":15},"end":{"line":158,"column":28}},"loc":{"start":{"line":158,"column":50},"end":{"line":197,"column":1}},"line":158},"7":{"name":"getSubmittedPayments","decl":{"start":{"line":199,"column":15},"end":{"line":199,"column":35}},"loc":{"start":{"line":199,"column":38},"end":{"line":228,"column":1}},"line":199},"8":{"name":"(anonymous_8)","decl":{"start":{"line":212,"column":28},"end":{"line":212,"column":29}},"loc":{"start":{"line":212,"column":47},"end":{"line":219,"column":7}},"line":212},"9":{"name":"markPaymentAsSentToSwift","decl":{"start":{"line":231,"column":15},"end":{"line":231,"column":39}},"loc":{"start":{"line":231,"column":51},"end":{"line":269,"column":1}},"line":231}},"branchMap":{"0":{"loc":{"start":{"line":7,"column":2},"end":{"line":7,"column":40}},"type":"if","locations":[{"start":{"line":7,"column":2},"end":{"line":7,"column":40}},{"start":{},"end":{}}],"line":7},"1":{"loc":{"start":{"line":8,"column":2},"end":{"line":10,"column":3}},"type":"if","locations":[{"start":{"line":8,"column":2},"end":{"line":10,"column":3}},{"start":{},"end":{}}],"line":8},"2":{"loc":{"start":{"line":8,"column":6},"end":{"line":8,"column":52}},"type":"binary-expr","locations":[{"start":{"line":8,"column":6},"end":{"line":8,"column":28}},{"start":{"line":8,"column":32},"end":{"line":8,"column":52}}],"line":8},"3":{"loc":{"start":{"line":44,"column":4},"end":{"line":46,"column":5}},"type":"if","locations":[{"start":{"line":44,"column":4},"end":{"line":46,"column":5}},{"start":{},"end":{}}],"line":44},"4":{"loc":{"start":{"line":94,"column":24},"end":{"line":94,"column":65}},"type":"cond-expr","locations":[{"start":{"line":94,"column":31},"end":{"line":94,"column":44}},{"start":{"line":94,"column":47},"end":{"line":94,"column":65}}],"line":94},"5":{"loc":{"start":{"line":95,"column":28},"end":{"line":95,"column":60}},"type":"cond-expr","locations":[{"start":{"line":95,"column":35},"end":{"line":95,"column":48}},{"start":{"line":95,"column":51},"end":{"line":95,"column":60}}],"line":95},"6":{"loc":{"start":{"line":115,"column":4},"end":{"line":117,"column":5}},"type":"if","locations":[{"start":{"line":115,"column":4},"end":{"line":117,"column":5}},{"start":{},"end":{}}],"line":115},"7":{"loc":{"start":{"line":119,"column":4},"end":{"line":121,"column":5}},"type":"if","locations":[{"start":{"line":119,"column":4},"end":{"line":121,"column":5}},{"start":{},"end":{}}],"line":119},"8":{"loc":{"start":{"line":125,"column":4},"end":{"line":127,"column":5}},"type":"if","locations":[{"start":{"line":125,"column":4},"end":{"line":127,"column":5}},{"start":{},"end":{}}],"line":125},"9":{"loc":{"start":{"line":130,"column":4},"end":{"line":132,"column":5}},"type":"if","locations":[{"start":{"line":130,"column":4},"end":{"line":132,"column":5}},{"start":{},"end":{}}],"line":130},"10":{"loc":{"start":{"line":146,"column":4},"end":{"line":148,"column":5}},"type":"if","locations":[{"start":{"line":146,"column":4},"end":{"line":148,"column":5}},{"start":{},"end":{}}],"line":146},"11":{"loc":{"start":{"line":165,"column":4},"end":{"line":167,"column":5}},"type":"if","locations":[{"start":{"line":165,"column":4},"end":{"line":167,"column":5}},{"start":{},"end":{}}],"line":165},"12":{"loc":{"start":{"line":169,"column":4},"end":{"line":171,"column":5}},"type":"if","locations":[{"start":{"line":169,"column":4},"end":{"line":171,"column":5}},{"start":{},"end":{}}],"line":169},"13":{"loc":{"start":{"line":185,"column":4},"end":{"line":187,"column":5}},"type":"if","locations":[{"start":{"line":185,"column":4},"end":{"line":187,"column":5}},{"start":{},"end":{}}],"line":185},"14":{"loc":{"start":{"line":216,"column":24},"end":{"line":216,"column":65}},"type":"cond-expr","locations":[{"start":{"line":216,"column":31},"end":{"line":216,"column":44}},{"start":{"line":216,"column":47},"end":{"line":216,"column":65}}],"line":216},"15":{"loc":{"start":{"line":217,"column":28},"end":{"line":217,"column":60}},"type":"cond-expr","locations":[{"start":{"line":217,"column":35},"end":{"line":217,"column":48}},{"start":{"line":217,"column":51},"end":{"line":217,"column":60}}],"line":217},"16":{"loc":{"start":{"line":238,"column":4},"end":{"line":240,"column":5}},"type":"if","locations":[{"start":{"line":238,"column":4},"end":{"line":240,"column":5}},{"start":{},"end":{}}],"line":238},"17":{"loc":{"start":{"line":242,"column":4},"end":{"line":244,"column":5}},"type":"if","locations":[{"start":{"line":242,"column":4},"end":{"line":244,"column":5}},{"start":{},"end":{}}],"line":242},"18":{"loc":{"start":{"line":259,"column":4},"end":{"line":261,"column":5}},"type":"if","locations":[{"start":{"line":259,"column":4},"end":{"line":261,"column":5}},{"start":{},"end":{}}],"line":259}},"s":{"0":1,"1":1,"2":1,"3":1,"4":11,"5":0,"6":11,"7":11,"8":0,"9":2,"10":2,"11":2,"12":2,"13":1,"14":1,"15":1,"16":1,"17":2,"18":2,"19":2,"20":2,"21":2,"22":1,"23":1,"24":1,"25":1,"26":1,"27":1,"28":1,"29":1,"30":0,"31":1,"32":1,"33":1,"34":1,"35":1,"36":1,"37":1,"38":1,"39":1,"40":1,"41":1,"42":1,"43":1,"44":1,"45":1,"46":1,"47":1,"48":1,"49":1,"50":0,"51":0,"52":4,"53":4,"54":4,"55":4,"56":4,"57":1,"58":3,"59":1,"60":2,"61":2,"62":1,"63":1,"64":0,"65":1,"66":1,"67":0,"68":1,"69":1,"70":3,"71":3,"72":0,"73":0,"74":0,"75":0,"76":0,"77":0,"78":0,"79":0,"80":0,"81":0,"82":0,"83":0,"84":0,"85":0,"86":0,"87":0,"88":0,"89":0,"90":0,"91":0,"92":0,"93":0,"94":0,"95":0,"96":0,"97":0,"98":2,"99":2,"100":2,"101":2,"102":2,"103":0,"104":2,"105":1,"106":1,"107":1,"108":0,"109":1,"110":1,"111":1,"112":1,"113":1},"f":{"0":11,"1":2,"2":2,"3":1,"4":1,"5":4,"6":0,"7":0,"8":0,"9":2},"b":{"0":[0,11],"1":[11,0],"2":[11,11],"3":[0,1],"4":[1,0],"5":[1,0],"6":[1,3],"7":[1,2],"8":[1,1],"9":[0,1],"10":[0,1],"11":[0,0],"12":[0,0],"13":[0,0],"14":[0,0],"15":[0,0],"16":[0,2],"17":[1,1],"18":[0,1]},"_coverageSchema":"1a1c01bbd47fc00a2c39e90264f33305004495a9","hash":"18b145bb002359872ba643f7ed55737534c828f1"}
,"C:\\INSY7314\\insy7314-part2-gradiq\\backend\\service\\userService.js": {"path":"C:\\INSY7314\\insy7314-part2-gradiq\\backend\\service\\userService.js","statementMap":{"0":{"start":{"line":1,"column":19},"end":{"line":1,"column":44}},"1":{"start":{"line":2,"column":15},"end":{"line":2,"column":32}},"2":{"start":{"line":3,"column":12},"end":{"line":3,"column":35}},"3":{"start":{"line":4,"column":15},"end":{"line":4,"column":32}},"4":{"start":{"line":5,"column":53},"end":{"line":5,"column":83}},"5":{"start":{"line":6,"column":0},"end":{"line":6,"column":16}},"6":{"start":{"line":9,"column":13},"end":{"line":9,"column":15}},"7":{"start":{"line":10,"column":11},"end":{"line":10,"column":36}},"8":{"start":{"line":11,"column":23},"end":{"line":11,"column":45}},"9":{"start":{"line":14,"column":2},"end":{"line":61,"column":3}},"10":{"start":{"line":15,"column":50},"end":{"line":15,"column":54}},"11":{"start":{"line":17,"column":4},"end":{"line":19,"column":5}},"12":{"start":{"line":18,"column":6},"end":{"line":18,"column":49}},"13":{"start":{"line":22,"column":30},"end":{"line":22,"column":117}},"14":{"start":{"line":23,"column":25},"end":{"line":23,"column":96}},"15":{"start":{"line":24,"column":25},"end":{"line":24,"column":96}},"16":{"start":{"line":27,"column":25},"end":{"line":27,"column":81}},"17":{"start":{"line":28,"column":4},"end":{"line":28,"column":62}},"18":{"start":{"line":28,"column":23},"end":{"line":28,"column":62}},"19":{"start":{"line":31,"column":26},"end":{"line":31,"column":83}},"20":{"start":{"line":32,"column":4},"end":{"line":32,"column":63}},"21":{"start":{"line":32,"column":24},"end":{"line":32,"column":63}},"22":{"start":{"line":35,"column":31},"end":{"line":35,"column":98}},"23":{"start":{"line":36,"column":4},"end":{"line":36,"column":67}},"24":{"start":{"line":36,"column":28},"end":{"line":36,"column":67}},"25":{"start":{"line":39,"column":18},"end":{"line":47,"column":5}},"26":{"start":{"line":50,"column":4},"end":{"line":56,"column":6}},"27":{"start":{"line":59,"column":4},"end":{"line":59,"column":51}},"28":{"start":{"line":60,"column":4},"end":{"line":60,"column":16}},"29":{"start":{"line":65,"column":2},"end":{"line":122,"column":3}},"30":{"start":{"line":66,"column":70},"end":{"line":66,"column":74}},"31":{"start":{"line":69,"column":4},"end":{"line":71,"column":5}},"32":{"start":{"line":70,"column":6},"end":{"line":70,"column":49}},"33":{"start":{"line":74,"column":25},"end":{"line":74,"column":97}},"34":{"start":{"line":75,"column":25},"end":{"line":75,"column":97}},"35":{"start":{"line":76,"column":30},"end":{"line":76,"column":117}},"36":{"start":{"line":77,"column":25},"end":{"line":77,"column":96}},"37":{"start":{"line":78,"column":25},"end":{"line":78,"column":96}},"38":{"start":{"line":81,"column":25},"end":{"line":87,"column":6}},"39":{"start":{"line":89,"column":4},"end":{"line":91,"column":5}},"40":{"start":{"line":90,"column":6},"end":{"line":90,"column":94}},"41":{"start":{"line":94,"column":27},"end":{"line":94,"column":64}},"42":{"start":{"line":95,"column":32},"end":{"line":95,"column":74}},"43":{"start":{"line":96,"column":27},"end":{"line":96,"column":64}},"44":{"start":{"line":98,"column":20},"end":{"line":106,"column":5}},"45":{"start":{"line":109,"column":19},"end":{"line":109,"column":58}},"46":{"start":{"line":110,"column":4},"end":{"line":110,"column":70}},"47":{"start":{"line":112,"column":4},"end":{"line":117,"column":6}},"48":{"start":{"line":120,"column":4},"end":{"line":120,"column":58}},"49":{"start":{"line":121,"column":4},"end":{"line":121,"column":16}},"50":{"start":{"line":125,"column":0},"end":{"line":128,"column":2}}},"fnMap":{"0":{"name":"loginUser","decl":{"start":{"line":13,"column":15},"end":{"line":13,"column":24}},"loc":{"start":{"line":13,"column":31},"end":{"line":62,"column":1}},"line":13},"1":{"name":"registerUser","decl":{"start":{"line":64,"column":15},"end":{"line":64,"column":27}},"loc":{"start":{"line":64,"column":34},"end":{"line":123,"column":1}},"line":64}},"branchMap":{"0":{"loc":{"start":{"line":17,"column":4},"end":{"line":19,"column":5}},"type":"if","locations":[{"start":{"line":17,"column":4},"end":{"line":19,"column":5}},{"start":{},"end":{}}],"line":17},"1":{"loc":{"start":{"line":17,"column":8},"end":{"line":17,"column":48}},"type":"binary-expr","locations":[{"start":{"line":17,"column":8},"end":{"line":17,"column":22}},{"start":{"line":17,"column":26},"end":{"line":17,"column":35}},{"start":{"line":17,"column":39},"end":{"line":17,"column":48}}],"line":17},"2":{"loc":{"start":{"line":28,"column":4},"end":{"line":28,"column":62}},"type":"if","locations":[{"start":{"line":28,"column":4},"end":{"line":28,"column":62}},{"start":{},"end":{}}],"line":28},"3":{"loc":{"start":{"line":32,"column":4},"end":{"line":32,"column":63}},"type":"if","locations":[{"start":{"line":32,"column":4},"end":{"line":32,"column":63}},{"start":{},"end":{}}],"line":32},"4":{"loc":{"start":{"line":36,"column":4},"end":{"line":36,"column":67}},"type":"if","locations":[{"start":{"line":36,"column":4},"end":{"line":36,"column":67}},{"start":{},"end":{}}],"line":36},"5":{"loc":{"start":{"line":43,"column":14},"end":{"line":43,"column":45}},"type":"binary-expr","locations":[{"start":{"line":43,"column":14},"end":{"line":43,"column":31}},{"start":{"line":43,"column":35},"end":{"line":43,"column":45}}],"line":43},"6":{"loc":{"start":{"line":54,"column":12},"end":{"line":54,"column":43}},"type":"binary-expr","locations":[{"start":{"line":54,"column":12},"end":{"line":54,"column":29}},{"start":{"line":54,"column":33},"end":{"line":54,"column":43}}],"line":54},"7":{"loc":{"start":{"line":69,"column":4},"end":{"line":71,"column":5}},"type":"if","locations":[{"start":{"line":69,"column":4},"end":{"line":71,"column":5}},{"start":{},"end":{}}],"line":69},"8":{"loc":{"start":{"line":69,"column":8},"end":{"line":69,"column":74}},"type":"binary-expr","locations":[{"start":{"line":69,"column":8},"end":{"line":69,"column":17}},{"start":{"line":69,"column":21},"end":{"line":69,"column":30}},{"start":{"line":69,"column":34},"end":{"line":69,"column":48}},{"start":{"line":69,"column":52},"end":{"line":69,"column":61}},{"start":{"line":69,"column":65},"end":{"line":69,"column":74}}],"line":69},"9":{"loc":{"start":{"line":89,"column":4},"end":{"line":91,"column":5}},"type":"if","locations":[{"start":{"line":89,"column":4},"end":{"line":91,"column":5}},{"start":{},"end":{}}],"line":89}},"s":{"0":0,"1":0,"2":0,"3":0,"4":0,"5":0,"6":0,"7":0,"8":0,"9":0,"10":0,"11":0,"12":0,"13":0,"14":0,"15":0,"16":0,"17":0,"18":0,"19":0,"20":0,"21":0,"22":0,"23":0,"24":0,"25":0,"26":0,"27":0,"28":0,"29":0,"30":0,"31":0,"32":0,"33":0,"34":0,"35":0,"36":0,"37":0,"38":0,"39":0,"40":0,"41":0,"42":0,"43":0,"44":0,"45":0,"46":0,"47":0,"48":0,"49":0,"50":0},"f":{"0":0,"1":0},"b":{"0":[0,0],"1":[0,0,0],"2":[0,0],"3":[0,0],"4":[0,0],"5":[0,0],"6":[0,0],"7":[0,0],"8":[0,0,0,0,0],"9":[0,0]}}
,"C:\\INSY7314\\insy7314-part2-gradiq\\backend\\utils\\validation.js": {"path":"C:\\INSY7314\\insy7314-part2-gradiq\\backend\\utils\\validation.js","statementMap":{"0":{"start":{"line":1,"column":18},"end":{"line":1,"column":38}},"1":{"start":{"line":4,"column":28},"end":{"line":23,"column":1}},"2":{"start":{"line":27,"column":2},"end":{"line":27,"column":46}},"3":{"start":{"line":27,"column":33},"end":{"line":27,"column":46}},"4":{"start":{"line":30,"column":2},"end":{"line":30,"column":40}},"5":{"start":{"line":34,"column":2},"end":{"line":36,"column":3}},"6":{"start":{"line":35,"column":4},"end":{"line":35,"column":44}},"7":{"start":{"line":39,"column":22},"end":{"line":39,"column":35}},"8":{"start":{"line":42,"column":2},"end":{"line":44,"column":3}},"9":{"start":{"line":43,"column":4},"end":{"line":43,"column":60}},"10":{"start":{"line":47,"column":25},"end":{"line":47,"column":51}},"11":{"start":{"line":50,"column":2},"end":{"line":52,"column":3}},"12":{"start":{"line":51,"column":4},"end":{"line":51,"column":47}},"13":{"start":{"line":54,"column":2},"end":{"line":54,"column":24}},"14":{"start":{"line":58,"column":22},"end":{"line":67,"column":3}},"15":{"start":{"line":69,"column":2},"end":{"line":69,"column":58}},"16":{"start":{"line":69,"column":37},"end":{"line":69,"column":56}},"17":{"start":{"line":73,"column":26},"end":{"line":73,"column":55}},"18":{"start":{"line":75,"column":2},"end":{"line":77,"column":3}},"19":{"start":{"line":76,"column":4},"end":{"line":76,"column":45}},"20":{"start":{"line":79,"column":20},"end":{"line":79,"column":47}},"21":{"start":{"line":80,"column":2},"end":{"line":82,"column":3}},"22":{"start":{"line":81,"column":4},"end":{"line":81,"column":65}},"23":{"start":{"line":84,"column":2},"end":{"line":84,"column":19}},"24":{"start":{"line":87,"column":0},"end":{"line":93,"column":2}}},"fnMap":{"0":{"name":"sanitizeInput","decl":{"start":{"line":26,"column":9},"end":{"line":26,"column":22}},"loc":{"start":{"line":26,"column":30},"end":{"line":31,"column":1}},"line":26},"1":{"name":"validateAndSanitize","decl":{"start":{"line":33,"column":9},"end":{"line":33,"column":28}},"loc":{"start":{"line":33,"column":52},"end":{"line":55,"column":1}},"line":33},"2":{"name":"containsXSSPatterns","decl":{"start":{"line":57,"column":9},"end":{"line":57,"column":28}},"loc":{"start":{"line":57,"column":36},"end":{"line":70,"column":1}},"line":57},"3":{"name":"(anonymous_3)","decl":{"start":{"line":69,"column":26},"end":{"line":69,"column":27}},"loc":{"start":{"line":69,"column":37},"end":{"line":69,"column":56}},"line":69},"4":{"name":"validateAmount","decl":{"start":{"line":72,"column":9},"end":{"line":72,"column":23}},"loc":{"start":{"line":72,"column":32},"end":{"line":85,"column":1}},"line":72}},"branchMap":{"0":{"loc":{"start":{"line":27,"column":2},"end":{"line":27,"column":46}},"type":"if","locations":[{"start":{"line":27,"column":2},"end":{"line":27,"column":46}},{"start":{},"end":{}}],"line":27},"1":{"loc":{"start":{"line":34,"column":2},"end":{"line":36,"column":3}},"type":"if","locations":[{"start":{"line":34,"column":2},"end":{"line":36,"column":3}},{"start":{},"end":{}}],"line":34},"2":{"loc":{"start":{"line":42,"column":2},"end":{"line":44,"column":3}},"type":"if","locations":[{"start":{"line":42,"column":2},"end":{"line":44,"column":3}},{"start":{},"end":{}}],"line":42},"3":{"loc":{"start":{"line":50,"column":2},"end":{"line":52,"column":3}},"type":"if","locations":[{"start":{"line":50,"column":2},"end":{"line":52,"column":3}},{"start":{},"end":{}}],"line":50},"4":{"loc":{"start":{"line":50,"column":6},"end":{"line":50,"column":46}},"type":"binary-expr","locations":[{"start":{"line":50,"column":6},"end":{"line":50,"column":13}},{"start":{"line":50,"column":17},"end":{"line":50,"column":46}}],"line":50},"5":{"loc":{"start":{"line":75,"column":2},"end":{"line":77,"column":3}},"type":"if","locations":[{"start":{"line":75,"column":2},"end":{"line":77,"column":3}},{"start":{},"end":{}}],"line":75},"6":{"loc":{"start":{"line":80,"column":2},"end":{"line":82,"column":3}},"type":"if","locations":[{"start":{"line":80,"column":2},"end":{"line":82,"column":3}},{"start":{},"end":{}}],"line":80},"7":{"loc":{"start":{"line":80,"column":6},"end":{"line":80,"column":43}},"type":"binary-expr","locations":[{"start":{"line":80,"column":6},"end":{"line":80,"column":20}},{"start":{"line":80,"column":24},"end":{"line":80,"column":43}}],"line":80}},"s":{"0":2,"1":2,"2":28,"3":3,"4":25,"5":13,"6":1,"7":12,"8":12,"9":1,"10":11,"11":11,"12":2,"13":9,"14":18,"15":18,"16":111,"17":12,"18":12,"19":3,"20":9,"21":9,"22":2,"23":7,"24":2},"f":{"0":28,"1":13,"2":18,"3":111,"4":12},"b":{"0":[3,25],"1":[1,12],"2":[1,11],"3":[2,9],"4":[11,11],"5":[3,9],"6":[2,7],"7":[9,8]},"_coverageSchema":"1a1c01bbd47fc00a2c39e90264f33305004495a9","hash":"7f8309a1bef106291960b9622fc770326636ee28"}
}
