TN:
SF:auth\checkAuth.js
FN:5,(anonymous_0)
FNF:1
FNH:0
FNDA:0,(anonymous_0)
DA:1,0
DA:2,0
DA:3,0
DA:5,0
DA:6,0
DA:8,0
DA:10,0
DA:11,0
DA:15,0
DA:16,0
DA:17,0
DA:19,0
DA:20,0
DA:24,0
LF:14
LH:0
BRDA:10,0,0,0
BRDA:10,0,1,0
BRF:2
BRH:0
end_of_record
TN:
SF:auth\checkEmployeeAuth.js
FN:5,(anonymous_0)
FN:30,(anonymous_1)
FNF:2
FNH:0
FNDA:0,(anonymous_0)
FNDA:0,(anonymous_1)
DA:1,0
DA:2,0
DA:3,0
DA:5,0
DA:6,0
DA:8,0
DA:10,0
DA:11,0
DA:15,0
DA:18,0
DA:19,0
DA:22,0
DA:23,0
DA:25,0
DA:26,0
DA:30,0
DA:31,0
DA:33,0
DA:35,0
DA:36,0
DA:40,0
DA:43,0
DA:44,0
DA:47,0
DA:48,0
DA:50,0
DA:51,0
DA:55,0
LF:28
LH:0
BRDA:10,0,0,0
BRDA:10,0,1,0
BRDA:18,1,0,0
BRDA:18,1,1,0
BRDA:35,2,0,0
BRDA:35,2,1,0
BRDA:43,3,0,0
BRDA:43,3,1,0
BRDA:43,4,0,0
BRDA:43,4,1,0
BRF:10
BRH:0
end_of_record
TN:
SF:auth\employee.js
FNF:0
FNH:0
DA:1,0
DA:2,0
DA:3,0
DA:4,0
DA:6,0
DA:9,0
DA:10,0
DA:13,0
DA:16,0
DA:17,0
DA:18,0
DA:19,0
DA:20,0
DA:22,0
LF:14
LH:0
BRF:0
BRH:0
end_of_record
TN:
SF:auth\user.js
FNF:0
FNH:0
DA:1,0
DA:2,0
DA:3,0
DA:4,0
DA:5,0
DA:7,0
DA:10,0
DA:11,0
DA:14,0
DA:17,0
DA:18,0
DA:19,0
DA:22,0
DA:23,0
DA:24,0
LF:15
LH:0
BRF:0
BRH:0
end_of_record
TN:
SF:controller\employeeController.js
FN:5,(anonymous_0)
FN:18,(anonymous_1)
FN:37,(anonymous_2)
FN:52,(anonymous_3)
FNF:4
FNH:0
FNDA:0,(anonymous_0)
FNDA:0,(anonymous_1)
FNDA:0,(anonymous_2)
FNDA:0,(anonymous_3)
DA:1,0
DA:2,0
DA:5,0
DA:6,0
DA:7,0
DA:8,0
DA:9,0
DA:10,0
DA:12,0
DA:13,0
DA:18,0
DA:19,0
DA:20,0
DA:21,0
DA:22,0
DA:25,0
DA:27,0
DA:28,0
DA:29,0
DA:31,0
DA:32,0
DA:37,0
DA:38,0
DA:39,0
DA:40,0
DA:42,0
DA:43,0
DA:44,0
DA:46,0
DA:47,0
DA:52,0
DA:53,0
DA:54,0
DA:55,0
DA:56,0
DA:57,0
DA:59,0
DA:60,0
LF:38
LH:0
BRF:0
BRH:0
end_of_record
TN:
SF:controller\paymentController.js
FN:5,(anonymous_0)
FN:16,(anonymous_1)
FN:34,(anonymous_2)
FNF:3
FNH:0
FNDA:0,(anonymous_0)
FNDA:0,(anonymous_1)
FNDA:0,(anonymous_2)
DA:2,0
DA:3,0
DA:5,0
DA:6,0
DA:7,0
DA:8,0
DA:9,0
DA:10,0
DA:12,0
DA:16,0
DA:17,0
DA:18,0
DA:21,0
DA:22,0
DA:23,0
DA:26,0
DA:27,0
DA:28,0
DA:30,0
DA:34,0
DA:35,0
DA:36,0
DA:38,0
DA:39,0
DA:41,0
LF:25
LH:0
BRF:0
BRH:0
end_of_record
TN:
SF:controller\userController.js
FN:5,(anonymous_0)
FN:23,(anonymous_1)
FN:59,(anonymous_2)
FNF:3
FNH:0
FNDA:0,(anonymous_0)
FNDA:0,(anonymous_1)
FNDA:0,(anonymous_2)
DA:2,0
DA:3,0
DA:5,0
DA:6,0
DA:8,0
DA:9,0
DA:10,0
DA:13,0
DA:14,0
DA:15,0
DA:16,0
DA:19,0
DA:23,0
DA:24,0
DA:26,0
DA:27,0
DA:28,0
DA:31,0
DA:32,0
DA:37,0
DA:47,0
DA:48,0
DA:52,0
DA:54,0
DA:55,0
DA:59,0
DA:60,0
DA:62,0
DA:70,0
DA:77,0
DA:78,0
DA:80,0
DA:81,0
LF:33
LH:0
BRDA:40,0,0,0
BRDA:40,0,1,0
BRDA:73,1,0,0
BRDA:73,1,1,0
BRF:4
BRH:0
end_of_record
TN:
SF:middleware\csrfProtection.js
FN:11,(anonymous_0)
FN:19,(anonymous_1)
FN:62,(anonymous_2)
FN:135,(anonymous_3)
FNF:4
FNH:0
FNDA:0,(anonymous_0)
FNDA:0,(anonymous_1)
FNDA:0,(anonymous_2)
FNDA:0,(anonymous_3)
DA:6,0
DA:11,0
DA:12,0
DA:19,0
DA:20,0
DA:21,0
DA:24,0
DA:27,0
DA:28,0
DA:29,0
DA:32,0
DA:40,0
DA:44,0
DA:45,0
DA:48,0
DA:50,0
DA:51,0
DA:53,0
DA:54,0
DA:62,0
DA:64,0
DA:65,0
DA:68,0
DA:69,0
DA:70,0
DA:72,0
DA:80,0
DA:81,0
DA:82,0
DA:89,0
DA:91,0
DA:92,0
DA:93,0
DA:100,0
DA:101,0
DA:102,0
DA:109,0
DA:110,0
DA:111,0
DA:112,0
DA:118,0
DA:120,0
DA:121,0
DA:128,0
DA:129,0
DA:135,0
DA:136,0
DA:137,0
DA:140,0
DA:142,0
DA:143,0
DA:144,0
DA:147,0
DA:154,0
DA:156,0
DA:159,0
DA:160,0
DA:165,0
DA:166,0
DA:173,0
LF:60
LH:0
BRDA:27,0,0,0
BRDA:27,0,1,0
BRDA:35,1,0,0
BRDA:35,1,1,0
BRDA:64,2,0,0
BRDA:64,2,1,0
BRDA:69,3,0,0
BRDA:69,3,1,0
BRDA:70,4,0,0
BRDA:70,4,1,0
BRDA:74,5,0,0
BRDA:74,5,1,0
BRDA:75,6,0,0
BRDA:75,6,1,0
BRDA:76,7,0,0
BRDA:76,7,1,0
BRDA:80,8,0,0
BRDA:80,8,1,0
BRDA:89,9,0,0
BRDA:89,9,1,0
BRDA:91,10,0,0
BRDA:91,10,1,0
BRDA:100,11,0,0
BRDA:100,11,1,0
BRDA:110,12,0,0
BRDA:110,12,1,0
BRDA:120,13,0,0
BRDA:120,13,1,0
BRDA:140,14,0,0
BRDA:140,14,1,0
BRDA:142,15,0,0
BRDA:142,15,1,0
BRDA:150,16,0,0
BRDA:150,16,1,0
BRF:34
BRH:0
end_of_record
TN:
SF:middleware\httpsRedirect.js
FN:6,(anonymous_0)
FNF:1
FNH:0
FNDA:0,(anonymous_0)
DA:6,0
DA:8,0
DA:9,0
DA:13,0
DA:14,0
DA:18,0
DA:21,0
DA:24,0
LF:8
LH:0
BRDA:8,0,0,0
BRDA:8,0,1,0
BRDA:8,1,0,0
BRDA:8,1,1,0
BRDA:13,2,0,0
BRDA:13,2,1,0
BRDA:13,3,0,0
BRDA:13,3,1,0
BRF:8
BRH:0
end_of_record
TN:
SF:middleware\rateLimiter.js
FNF:0
FNH:0
DA:1,0
DA:5,0
DA:13,0
LF:3
LH:0
BRF:0
BRH:0
end_of_record
TN:
SF:middleware\security.js
FN:11,(anonymous_0)
FN:30,(anonymous_1)
FNF:2
FNH:0
FNDA:0,(anonymous_0)
FNDA:0,(anonymous_1)
DA:6,0
DA:11,0
DA:13,0
DA:14,0
DA:18,0
DA:19,0
DA:20,0
DA:21,0
DA:22,0
DA:24,0
DA:30,0
DA:32,0
DA:33,0
DA:34,0
DA:41,0
DA:44,0
LF:16
LH:0
BRDA:13,0,0,0
BRDA:13,0,1,0
BRDA:32,1,0,0
BRDA:32,1,1,0
BRDA:33,2,0,0
BRDA:33,2,1,0
BRDA:33,3,0,0
BRDA:33,3,1,0
BRF:8
BRH:0
end_of_record
TN:
SF:middleware\strictCSP.js
FN:11,(anonymous_0)
FN:18,(anonymous_1)
FN:63,(anonymous_2)
FNF:3
FNH:0
FNDA:0,(anonymous_0)
FNDA:0,(anonymous_1)
FNDA:0,(anonymous_2)
DA:6,0
DA:11,0
DA:12,0
DA:18,0
DA:20,0
DA:21,0
DA:24,0
DA:25,0
DA:28,0
DA:48,0
DA:51,0
DA:52,0
DA:53,0
DA:54,0
DA:55,0
DA:57,0
DA:63,0
DA:64,0
DA:70,0
DA:71,0
DA:72,0
DA:74,0
DA:77,0
LF:23
LH:0
BRF:0
BRH:0
end_of_record
TN:
SF:service\paymentService.js
FN:6,toObjectId
FN:14,getAllPayments
FN:27,CreatePayment
FN:79,getPendingPayments
FN:90,(anonymous_4)
FN:108,verifySwiftCode
FN:158,submitToSwift
FN:199,getSubmittedPayments
FN:212,(anonymous_8)
FN:231,markPaymentAsSentToSwift
FNF:10
FNH:7
FNDA:11,toObjectId
FNDA:2,getAllPayments
FNDA:2,CreatePayment
FNDA:1,getPendingPayments
FNDA:1,(anonymous_4)
FNDA:4,verifySwiftCode
FNDA:0,submitToSwift
FNDA:0,getSubmittedPayments
FNDA:0,(anonymous_8)
FNDA:2,markPaymentAsSentToSwift
DA:1,1
DA:2,1
DA:3,1
DA:4,1
DA:7,11
DA:8,11
DA:9,11
DA:11,0
DA:15,2
DA:16,2
DA:17,2
DA:18,2
DA:19,1
DA:20,1
DA:22,1
DA:23,1
DA:28,2
DA:29,2
DA:30,2
DA:33,2
DA:34,2
DA:35,1
DA:36,1
DA:37,1
DA:38,1
DA:39,1
DA:40,1
DA:43,1
DA:44,1
DA:45,0
DA:49,1
DA:50,1
DA:52,1
DA:60,1
DA:70,1
DA:71,1
DA:72,1
DA:74,1
DA:75,1
DA:80,1
DA:81,1
DA:82,1
DA:83,1
DA:86,1
DA:89,1
DA:91,1
DA:92,1
DA:100,1
DA:101,1
DA:103,0
DA:104,0
DA:109,4
DA:110,4
DA:111,4
DA:114,4
DA:115,4
DA:116,1
DA:119,3
DA:120,1
DA:124,2
DA:125,2
DA:126,1
DA:130,1
DA:131,0
DA:135,1
DA:146,1
DA:147,0
DA:150,1
DA:151,1
DA:153,3
DA:154,3
DA:159,0
DA:160,0
DA:161,0
DA:164,0
DA:165,0
DA:166,0
DA:169,0
DA:170,0
DA:174,0
DA:185,0
DA:186,0
DA:189,0
DA:194,0
DA:195,0
DA:200,0
DA:201,0
DA:202,0
DA:203,0
DA:206,0
DA:211,0
DA:213,0
DA:214,0
DA:222,0
DA:223,0
DA:225,0
DA:226,0
DA:232,2
DA:233,2
DA:234,2
DA:236,2
DA:238,2
DA:239,0
DA:242,2
DA:243,1
DA:246,1
DA:259,1
DA:260,0
DA:263,1
DA:264,1
DA:266,1
DA:267,1
DA:271,1
LF:113
LH:79
BRDA:7,0,0,0
BRDA:7,0,1,11
BRDA:8,1,0,11
BRDA:8,1,1,0
BRDA:8,2,0,11
BRDA:8,2,1,11
BRDA:44,3,0,0
BRDA:44,3,1,1
BRDA:94,4,0,1
BRDA:94,4,1,0
BRDA:95,5,0,1
BRDA:95,5,1,0
BRDA:115,6,0,1
BRDA:115,6,1,3
BRDA:119,7,0,1
BRDA:119,7,1,2
BRDA:125,8,0,1
BRDA:125,8,1,1
BRDA:130,9,0,0
BRDA:130,9,1,1
BRDA:146,10,0,0
BRDA:146,10,1,1
BRDA:165,11,0,0
BRDA:165,11,1,0
BRDA:169,12,0,0
BRDA:169,12,1,0
BRDA:185,13,0,0
BRDA:185,13,1,0
BRDA:216,14,0,0
BRDA:216,14,1,0
BRDA:217,15,0,0
BRDA:217,15,1,0
BRDA:238,16,0,0
BRDA:238,16,1,2
BRDA:242,17,0,1
BRDA:242,17,1,1
BRDA:259,18,0,0
BRDA:259,18,1,1
BRF:38
BRH:19
end_of_record
TN:
SF:service\userService.js
FN:13,loginUser
FN:64,registerUser
FNF:2
FNH:0
FNDA:0,loginUser
FNDA:0,registerUser
DA:1,0
DA:2,0
DA:3,0
DA:4,0
DA:5,0
DA:6,0
DA:9,0
DA:10,0
DA:11,0
DA:14,0
DA:15,0
DA:17,0
DA:18,0
DA:22,0
DA:23,0
DA:24,0
DA:27,0
DA:28,0
DA:31,0
DA:32,0
DA:35,0
DA:36,0
DA:39,0
DA:50,0
DA:59,0
DA:60,0
DA:65,0
DA:66,0
DA:69,0
DA:70,0
DA:74,0
DA:75,0
DA:76,0
DA:77,0
DA:78,0
DA:81,0
DA:89,0
DA:90,0
DA:94,0
DA:95,0
DA:96,0
DA:98,0
DA:109,0
DA:110,0
DA:112,0
DA:120,0
DA:121,0
DA:125,0
LF:48
LH:0
BRDA:17,0,0,0
BRDA:17,0,1,0
BRDA:17,1,0,0
BRDA:17,1,1,0
BRDA:17,1,2,0
BRDA:28,2,0,0
BRDA:28,2,1,0
BRDA:32,3,0,0
BRDA:32,3,1,0
BRDA:36,4,0,0
BRDA:36,4,1,0
BRDA:43,5,0,0
BRDA:43,5,1,0
BRDA:54,6,0,0
BRDA:54,6,1,0
BRDA:69,7,0,0
BRDA:69,7,1,0
BRDA:69,8,0,0
BRDA:69,8,1,0
BRDA:69,8,2,0
BRDA:69,8,3,0
BRDA:69,8,4,0
BRDA:89,9,0,0
BRDA:89,9,1,0
BRF:24
BRH:0
end_of_record
TN:
SF:utils\validation.js
FN:26,sanitizeInput
FN:33,validateAndSanitize
FN:57,containsXSSPatterns
FN:69,(anonymous_3)
FN:72,validateAmount
FNF:5
FNH:5
FNDA:28,sanitizeInput
FNDA:13,validateAndSanitize
FNDA:18,containsXSSPatterns
FNDA:111,(anonymous_3)
FNDA:12,validateAmount
DA:1,2
DA:4,2
DA:27,28
DA:30,25
DA:34,13
DA:35,1
DA:39,12
DA:42,12
DA:43,1
DA:47,11
DA:50,11
DA:51,2
DA:54,9
DA:58,18
DA:69,111
DA:73,12
DA:75,12
DA:76,3
DA:79,9
DA:80,9
DA:81,2
DA:84,7
DA:87,2
LF:23
LH:23
BRDA:27,0,0,3
BRDA:27,0,1,25
BRDA:34,1,0,1
BRDA:34,1,1,12
BRDA:42,2,0,1
BRDA:42,2,1,11
BRDA:50,3,0,2
BRDA:50,3,1,9
BRDA:50,4,0,11
BRDA:50,4,1,11
BRDA:75,5,0,3
BRDA:75,5,1,9
BRDA:80,6,0,2
BRDA:80,6,1,7
BRDA:80,7,0,9
BRDA:80,7,1,8
BRF:16
BRH:16
end_of_record
