TN:
SF:auth\checkAuth.js
FN:5,(anonymous_0)
FNF:1
FNH:1
FNDA:4,(anonymous_0)
DA:1,1
DA:2,1
DA:3,1
DA:5,1
DA:6,4
DA:8,4
DA:10,4
DA:11,1
DA:15,3
DA:16,1
DA:17,1
DA:19,2
DA:20,2
DA:24,1
LF:14
LH:14
BRDA:10,0,0,1
BRDA:10,0,1,3
BRF:2
BRH:2
end_of_record
TN:
SF:auth\checkEmployeeAuth.js
FN:5,(anonymous_0)
FN:30,(anonymous_1)
FNF:2
FNH:1
FNDA:4,(anonymous_0)
FNDA:0,(anonymous_1)
DA:1,3
DA:2,3
DA:3,3
DA:5,3
DA:6,4
DA:8,4
DA:10,4
DA:11,1
DA:15,3
DA:18,1
DA:19,0
DA:22,1
DA:23,1
DA:25,2
DA:26,2
DA:30,3
DA:31,0
DA:33,0
DA:35,0
DA:36,0
DA:40,0
DA:43,0
DA:44,0
DA:47,0
DA:48,0
DA:50,0
DA:51,0
DA:55,3
LF:28
LH:16
BRDA:10,0,0,1
BRDA:10,0,1,3
BRDA:18,1,0,0
BRDA:18,1,1,1
BRDA:35,2,0,0
BRDA:35,2,1,0
BRDA:43,3,0,0
BRDA:43,3,1,0
BRDA:43,4,0,0
BRDA:43,4,1,0
BRF:10
BRH:3
end_of_record
TN:
SF:auth\employee.js
FNF:0
FNH:0
DA:1,1
DA:2,1
DA:3,1
DA:4,1
DA:6,1
DA:9,1
DA:12,1
DA:15,1
DA:16,1
DA:17,1
DA:18,1
DA:20,1
LF:12
LH:12
BRF:0
BRH:0
end_of_record
TN:
SF:auth\user.js
FNF:0
FNH:0
DA:1,1
DA:2,1
DA:3,1
DA:4,1
DA:5,1
DA:7,1
DA:10,1
DA:11,1
DA:14,1
DA:17,1
DA:18,1
DA:19,1
DA:22,1
DA:23,1
DA:24,1
LF:15
LH:15
BRF:0
BRH:0
end_of_record
TN:
SF:controller\employeeController.js
FN:5,(anonymous_0)
FN:18,(anonymous_1)
FN:37,(anonymous_2)
FN:52,(anonymous_3)
FNF:4
FNH:3
FNDA:2,(anonymous_0)
FNDA:2,(anonymous_1)
FNDA:2,(anonymous_2)
FNDA:0,(anonymous_3)
DA:1,2
DA:2,2
DA:5,2
DA:6,2
DA:7,2
DA:8,2
DA:9,2
DA:10,1
DA:12,1
DA:13,1
DA:18,2
DA:19,2
DA:20,2
DA:21,2
DA:22,2
DA:25,2
DA:27,2
DA:28,2
DA:29,1
DA:31,1
DA:32,1
DA:37,2
DA:38,2
DA:39,2
DA:40,2
DA:42,2
DA:43,2
DA:44,1
DA:46,1
DA:47,1
DA:52,2
DA:53,0
DA:54,0
DA:55,0
DA:56,0
DA:57,0
DA:59,0
DA:60,0
LF:38
LH:31
BRF:0
BRH:0
end_of_record
TN:
SF:controller\paymentController.js
FN:5,(anonymous_0)
FN:16,(anonymous_1)
FNF:2
FNH:2
FNDA:2,(anonymous_0)
FNDA:2,(anonymous_1)
DA:2,2
DA:3,2
DA:5,2
DA:6,2
DA:7,2
DA:8,2
DA:9,2
DA:10,1
DA:12,1
DA:16,2
DA:17,2
DA:18,2
DA:21,2
DA:22,2
DA:23,9
DA:26,2
DA:27,2
DA:28,1
DA:30,1
LF:19
LH:19
BRF:0
BRH:0
end_of_record
TN:
SF:controller\userController.js
FN:5,(anonymous_0)
FN:23,(anonymous_1)
FN:59,(anonymous_2)
FNF:3
FNH:3
FNDA:2,(anonymous_0)
FNDA:3,(anonymous_1)
FNDA:1,(anonymous_2)
DA:2,2
DA:3,2
DA:5,2
DA:6,2
DA:8,2
DA:9,2
DA:10,8
DA:13,2
DA:14,2
DA:15,1
DA:16,1
DA:19,1
DA:23,2
DA:24,3
DA:26,3
DA:27,3
DA:28,9
DA:31,3
DA:32,3
DA:37,1
DA:47,1
DA:48,1
DA:52,1
DA:54,2
DA:55,2
DA:59,2
DA:60,1
DA:62,1
DA:70,1
DA:77,1
DA:78,1
DA:80,0
DA:81,0
LF:33
LH:31
BRDA:73,0,0,0
BRDA:73,0,1,1
BRF:2
BRH:1
end_of_record
TN:
SF:middleware\csrfProtection.js
FN:11,(anonymous_0)
FN:19,(anonymous_1)
FN:62,(anonymous_2)
FN:135,(anonymous_3)
FNF:4
FNH:3
FNDA:2,(anonymous_0)
FNDA:3,(anonymous_1)
FNDA:11,(anonymous_2)
FNDA:0,(anonymous_3)
DA:6,3
DA:11,3
DA:12,2
DA:19,3
DA:20,3
DA:21,3
DA:24,3
DA:27,3
DA:28,2
DA:29,2
DA:32,2
DA:40,1
DA:44,2
DA:45,2
DA:48,2
DA:50,2
DA:51,2
DA:53,1
DA:54,1
DA:62,3
DA:64,11
DA:65,3
DA:68,8
DA:69,8
DA:70,8
DA:72,8
DA:80,8
DA:81,1
DA:82,1
DA:89,7
DA:91,7
DA:92,1
DA:93,1
DA:100,6
DA:101,1
DA:102,1
DA:109,5
DA:110,5
DA:111,0
DA:112,0
DA:118,0
DA:120,0
DA:121,0
DA:128,5
DA:129,5
DA:135,3
DA:136,0
DA:137,0
DA:140,0
DA:142,0
DA:143,0
DA:144,0
DA:147,0
DA:154,0
DA:156,0
DA:159,0
DA:160,0
DA:165,0
DA:166,0
DA:173,3
LF:60
LH:42
BRDA:27,0,0,2
BRDA:27,0,1,1
BRDA:64,1,0,3
BRDA:64,1,1,8
BRDA:69,2,0,8
BRDA:69,2,1,4
BRDA:70,3,0,8
BRDA:70,3,1,7
BRDA:74,4,0,7
BRDA:74,4,1,1
BRDA:75,5,0,5
BRDA:75,5,1,3
BRDA:76,6,0,2
BRDA:76,6,1,6
BRDA:80,7,0,1
BRDA:80,7,1,7
BRDA:89,8,0,7
BRDA:89,8,1,2
BRDA:91,9,0,1
BRDA:91,9,1,6
BRDA:100,10,0,1
BRDA:100,10,1,5
BRDA:110,11,0,0
BRDA:110,11,1,5
BRDA:120,12,0,0
BRDA:120,12,1,0
BRDA:140,13,0,0
BRDA:140,13,1,0
BRDA:142,14,0,0
BRDA:142,14,1,0
BRF:30
BRH:23
end_of_record
TN:
SF:middleware\httpsRedirect.js
FN:6,(anonymous_0)
FNF:1
FNH:1
FNDA:3,(anonymous_0)
DA:6,4
DA:8,3
DA:9,1
DA:13,2
DA:14,1
DA:18,1
DA:21,1
DA:24,4
LF:8
LH:8
BRDA:8,0,0,1
BRDA:8,0,1,2
BRDA:8,1,0,3
BRDA:8,1,1,3
BRDA:13,2,0,1
BRDA:13,2,1,1
BRDA:13,3,0,2
BRDA:13,3,1,1
BRF:8
BRH:8
end_of_record
TN:
SF:middleware\rateLimiter.js
FNF:0
FNH:0
DA:1,2
DA:5,2
DA:13,2
LF:3
LH:3
BRF:0
BRH:0
end_of_record
TN:
SF:middleware\security.js
FN:11,(anonymous_0)
FN:30,(anonymous_1)
FNF:2
FNH:2
FNDA:2,(anonymous_0)
FNDA:2,(anonymous_1)
DA:6,3
DA:11,3
DA:13,2
DA:14,1
DA:18,2
DA:19,2
DA:20,2
DA:21,2
DA:22,2
DA:24,2
DA:30,3
DA:32,2
DA:33,2
DA:34,1
DA:41,1
DA:44,3
LF:16
LH:16
BRDA:13,0,0,1
BRDA:13,0,1,1
BRDA:32,1,0,2
BRDA:32,1,1,0
BRDA:33,2,0,1
BRDA:33,2,1,1
BRDA:33,3,0,2
BRDA:33,3,1,1
BRF:8
BRH:7
end_of_record
TN:
SF:middleware\strictCSP.js
FN:11,(anonymous_0)
FN:18,(anonymous_1)
FN:63,(anonymous_2)
FNF:3
FNH:2
FNDA:4,(anonymous_0)
FNDA:2,(anonymous_1)
FNDA:0,(anonymous_2)
DA:6,1
DA:11,1
DA:12,4
DA:18,1
DA:20,2
DA:21,2
DA:24,2
DA:25,2
DA:28,2
DA:48,2
DA:51,2
DA:52,2
DA:53,2
DA:54,2
DA:55,2
DA:57,2
DA:63,1
DA:64,0
DA:70,0
DA:71,0
DA:72,0
DA:74,0
DA:77,1
LF:23
LH:18
BRF:0
BRH:0
end_of_record
TN:
SF:service\paymentService.js
FN:7,toObjectId
FN:15,getAllPayments
FN:28,CreatePayment
FN:80,getPendingPayments
FN:91,(anonymous_4)
FN:109,verifySwiftCode
FN:159,submitToSwift
FN:201,getSubmittedPayments
FN:214,(anonymous_8)
FNF:9
FNH:7
FNDA:11,toObjectId
FNDA:2,getAllPayments
FNDA:2,CreatePayment
FNDA:1,getPendingPayments
FNDA:1,(anonymous_4)
FNDA:4,verifySwiftCode
FNDA:2,submitToSwift
FNDA:0,getSubmittedPayments
FNDA:0,(anonymous_8)
DA:1,4
DA:2,4
DA:3,4
DA:4,4
DA:5,4
DA:8,11
DA:9,11
DA:10,11
DA:12,0
DA:16,2
DA:17,2
DA:18,2
DA:19,2
DA:20,1
DA:21,1
DA:23,1
DA:24,1
DA:29,2
DA:30,2
DA:31,2
DA:34,2
DA:35,2
DA:36,1
DA:37,1
DA:38,1
DA:39,1
DA:40,1
DA:41,1
DA:44,1
DA:45,1
DA:46,0
DA:50,1
DA:51,1
DA:53,1
DA:61,1
DA:71,1
DA:72,1
DA:73,1
DA:75,1
DA:76,1
DA:81,1
DA:82,1
DA:83,1
DA:84,1
DA:87,1
DA:90,1
DA:92,1
DA:93,1
DA:101,1
DA:102,1
DA:104,0
DA:105,0
DA:110,4
DA:111,4
DA:112,4
DA:115,4
DA:116,4
DA:117,1
DA:120,3
DA:121,1
DA:125,2
DA:126,2
DA:127,1
DA:131,1
DA:132,0
DA:136,1
DA:147,1
DA:148,0
DA:151,1
DA:152,1
DA:154,3
DA:155,3
DA:160,2
DA:161,2
DA:162,2
DA:165,2
DA:166,2
DA:167,0
DA:170,2
DA:171,1
DA:175,1
DA:187,1
DA:188,0
DA:191,1
DA:196,1
DA:197,1
DA:202,0
DA:203,0
DA:204,0
DA:205,0
DA:208,0
DA:213,0
DA:215,0
DA:216,0
DA:224,0
DA:225,0
DA:227,0
DA:228,0
DA:232,4
LF:99
LH:79
BRDA:8,0,0,0
BRDA:8,0,1,11
BRDA:9,1,0,11
BRDA:9,1,1,0
BRDA:9,2,0,11
BRDA:9,2,1,11
BRDA:45,3,0,0
BRDA:45,3,1,1
BRDA:95,4,0,1
BRDA:95,4,1,0
BRDA:96,5,0,1
BRDA:96,5,1,0
BRDA:116,6,0,1
BRDA:116,6,1,3
BRDA:120,7,0,1
BRDA:120,7,1,2
BRDA:126,8,0,1
BRDA:126,8,1,1
BRDA:131,9,0,0
BRDA:131,9,1,1
BRDA:147,10,0,0
BRDA:147,10,1,1
BRDA:166,11,0,0
BRDA:166,11,1,2
BRDA:170,12,0,1
BRDA:170,12,1,1
BRDA:187,13,0,0
BRDA:187,13,1,1
BRDA:218,14,0,0
BRDA:218,14,1,0
BRDA:219,15,0,0
BRDA:219,15,1,0
BRF:32
BRH:19
end_of_record
TN:
SF:service\userService.js
FN:13,loginUser
FN:64,registerUser
FNF:2
FNH:2
FNDA:1,loginUser
FNDA:1,registerUser
DA:1,2
DA:2,2
DA:3,2
DA:4,2
DA:5,2
DA:6,2
DA:9,2
DA:10,2
DA:11,2
DA:14,1
DA:15,1
DA:17,1
DA:18,0
DA:22,1
DA:23,1
DA:24,0
DA:27,0
DA:28,0
DA:31,0
DA:32,0
DA:35,0
DA:36,0
DA:39,0
DA:50,0
DA:59,1
DA:60,1
DA:65,1
DA:66,1
DA:69,1
DA:70,0
DA:74,1
DA:75,1
DA:76,1
DA:77,1
DA:78,1
DA:81,1
DA:89,1
DA:90,0
DA:94,1
DA:95,1
DA:96,1
DA:98,1
DA:109,1
DA:110,1
DA:112,0
DA:120,1
DA:121,1
DA:125,2
LF:48
LH:35
BRDA:17,0,0,0
BRDA:17,0,1,1
BRDA:17,1,0,1
BRDA:17,1,1,1
BRDA:17,1,2,1
BRDA:28,2,0,0
BRDA:28,2,1,0
BRDA:32,3,0,0
BRDA:32,3,1,0
BRDA:36,4,0,0
BRDA:36,4,1,0
BRDA:43,5,0,0
BRDA:43,5,1,0
BRDA:54,6,0,0
BRDA:54,6,1,0
BRDA:69,7,0,0
BRDA:69,7,1,1
BRDA:69,8,0,1
BRDA:69,8,1,1
BRDA:69,8,2,1
BRDA:69,8,3,1
BRDA:69,8,4,1
BRDA:89,9,0,0
BRDA:89,9,1,1
BRF:24
BRH:11
end_of_record
TN:
SF:utils\validation.js
FN:26,sanitizeInput
FN:33,validateAndSanitize
FN:57,containsXSSPatterns
FN:69,(anonymous_3)
FN:72,validateAmount
FNF:5
FNH:5
FNDA:63,sanitizeInput
FNDA:20,validateAndSanitize
FNDA:25,containsXSSPatterns
FNDA:167,(anonymous_3)
FNDA:12,validateAmount
DA:1,9
DA:4,9
DA:27,63
DA:30,58
DA:34,20
DA:35,1
DA:39,19
DA:42,19
DA:43,1
DA:47,18
DA:50,18
DA:51,3
DA:54,15
DA:58,25
DA:69,167
DA:73,12
DA:75,12
DA:76,3
DA:79,9
DA:80,9
DA:81,2
DA:84,7
DA:87,9
LF:23
LH:23
BRDA:27,0,0,5
BRDA:27,0,1,58
BRDA:34,1,0,1
BRDA:34,1,1,19
BRDA:42,2,0,1
BRDA:42,2,1,18
BRDA:50,3,0,3
BRDA:50,3,1,15
BRDA:50,4,0,18
BRDA:50,4,1,18
BRDA:75,5,0,3
BRDA:75,5,1,9
BRDA:80,6,0,2
BRDA:80,6,1,7
BRDA:80,7,0,9
BRDA:80,7,1,8
BRF:16
BRH:16
end_of_record
